0111000011 00110011 || 00111110 | 00111110 | 1 | 1
0011100000 10110101 || 10001111 | 10001111 | 1 | 1
1110001110 11001101 || 11000001 | 11000001 | 1 | 1
0010101110 01001001 || 11100000 | 11100000 | 1 | 1
0010110011 10101110 || 01010011 | 01010011 | 1 | 1
0000000110 00111011 || 01010111 | 01010111 | 1 | 1
1010110010 10101011 || 11111101 | 11111101 | 1 | 1
1011100001 11100011 || 10111101 | 10111101 | 1 | 1
0000110100 10100110 || 10101110 | 10101110 | 1 | 1
0001110101 11001101 || 10011010 | 10011010 | 1 | 1
1110000110 01100101 || 10010101 | 10010101 | 1 | 1
1010010011 01100101 || 00010100 | 00010100 | 1 | 1
1010100001 10111011 || 00100010 | 00100010 | 1 | 1
0110111101 00111001 || 10101011 | 10101011 | 1 | 1
0111010000 10001111 || 00000100 | 00000100 | 1 | 1
1010111010 01011111 || 00000111 | 00000111 | 1 | 1
1110010010 11001100 || 11001011 | 11001011 | 1 | 1
1101110010 11100101 || 11100001 | 11100001 | 1 | 1
1011010111 11110011 || 01100110 | 01100110 | 1 | 1
0011010100 01011001 || 01110110 | 01110110 | 1 | 1
0100010010 10101101 || 01111001 | 01111001 | 1 | 1
0000110111 00110001 || 10011011 | 10011011 | 1 | 1
0111010001 01110110 || 10100111 | 10100111 | 1 | 1
1101100110 00011100 || 01110111 | 01110111 | 1 | 1
0101100110 11100001 || 00001000 | 00001000 | 1 | 1
0110110010 11010011 || 01100110 | 01100110 | 1 | 1
0000010011 01001100 || 10111010 | 10111010 | 1 | 1
0000111101 01010011 || 11010010 | 11010010 | 1 | 1
1000010110 11001110 || 00011100 | 00011100 | 1 | 1
1011000011 01111110 || 01110011 | 01110011 | 1 | 1
0011011000 11011101 || 00011010 | 00011010 | 1 | 1
0110111111 10100011 || 11111111 | 11111111 | 1 | 1
0110000010 01011010 || 11110110 | 11110110 | 1 | 1
0111010110 10101001 || 00110010 | 00110010 | 1 | 1
0000110001 11000001 || 11010111 | 11010111 | 1 | 1
1011011010 11001011 || 01100001 | 01100001 | 1 | 1
0001001011 10001110 || 10011101 | 10011101 | 1 | 1
1001001011 11010110 || 11111101 | 11111101 | 1 | 1
1000110010 01011101 || 00000110 | 00000110 | 1 | 1
0000100110 01000001 || 11000000 | 11000000 | 1 | 1
1111011011 11001110 || 01111101 | 01111101 | 1 | 1
0111001010 01001011 || 01000000 | 01000000 | 1 | 1
1010000111 00100000 || 01001010 | 01001010 | 1 | 1
1001111001 00111000 || 10000001 | 10000001 | 1 | 1
1001101100 01110011 || 00111010 | 00111010 | 1 | 1
0011000000 11001010 || 00110111 | 00110111 | 1 | 1
0100111001 00111110 || 00010111 | 00010111 | 1 | 1
1101001100 11111100 || 01111011 | 01111011 | 1 | 1
0001001001 00111001 || 01100101 | 01100101 | 1 | 1
0001001100 01110111 || 10001001 | 10001001 | 1 | 1
1111100101 10111100 || 00111010 | 00111010 | 1 | 1
1001010001 00010101 || 01000111 | 01000111 | 1 | 1
0001011101 10000100 || 10010110 | 10010110 | 1 | 1
1110011110 10111100 || 01010010 | 01010010 | 1 | 1
1001111111 11110110 || 01010000 | 01010000 | 1 | 1
0011110001 10111010 || 01011110 | 01011110 | 1 | 1
0010011111 11110001 || 10000111 | 10000111 | 1 | 1
1100000000 11001000 || 11001000 | 11001000 | 1 | 1
0001011110 01101111 || 00100000 | 00100000 | 1 | 1
0010101101 10100000 || 00011000 | 00011000 | 1 | 1
0010110010 10101000 || 00100100 | 00100100 | 1 | 1
1110111110 11010111 || 01101110 | 01101110 | 1 | 1
0101110110 10100101 || 11110001 | 11110001 | 1 | 1
1111110001 01011110 || 00000111 | 00000111 | 1 | 1
1010011000 11100000 || 11101111 | 11101111 | 1 | 1
0110110110 01100011 || 01110001 | 01110001 | 1 | 1
0010010011 10100110 || 10001000 | 10001000 | 1 | 1
1001101110 01000111 || 01000100 | 01000100 | 1 | 1
1010010110 10111000 || 00100101 | 00100101 | 1 | 1
0101101100 11111001 || 11111011 | 11111011 | 1 | 1
0110111101 11011100 || 10000001 | 10000001 | 1 | 1
0111101011 10111110 || 11000101 | 11000101 | 1 | 1
1111111110 11100111 || 10000010 | 10000010 | 1 | 1
0001100101 01100100 || 00101111 | 00101111 | 1 | 1
0000011101 11111011 || 11100110 | 11100110 | 1 | 1
1100110001 11000000 || 10010010 | 10010010 | 1 | 1
0100011101 00110010 || 11100001 | 11100001 | 1 | 1
0011101110 10101101 || 10011001 | 10011001 | 1 | 1
0001011011 00110010 || 11111100 | 11111100 | 1 | 1
1111100001 10110010 || 01011111 | 01011111 | 1 | 1
0010010010 01110001 || 10001011 | 10001011 | 1 | 1
1001110111 00111110 || 11101010 | 11101010 | 1 | 1
1111011001 11111000 || 10111111 | 10111111 | 1 | 1
0111110110 00100000 || 10001010 | 10001010 | 1 | 1
0111010101 11001111 || 01011101 | 01011101 | 1 | 1
0001111010 10010010 || 00110011 | 00110011 | 1 | 1
1000000111 01101000 || 11001100 | 11001100 | 1 | 1
0000011001 10011011 || 10110111 | 10110111 | 1 | 1
1000011110 10100110 || 11101100 | 11101100 | 1 | 1
1011111000 10001110 || 01010101 | 01010101 | 1 | 1
1111000010 11101101 || 00010110 | 00010110 | 1 | 1
1100011000 10000101 || 01111001 | 01111001 | 1 | 1
0110110000 01101111 || 00101100 | 00101100 | 1 | 1
0111000111 11010001 || 01001111 | 01001111 | 1 | 1
0011000001 00111111 || 01110111 | 01110111 | 1 | 1
0010011011 00100110 || 11011010 | 11011010 | 1 | 1
0000011011 11000111 || 01101111 | 01101111 | 1 | 1
1001000000 00101111 || 00101101 | 00101101 | 1 | 1
0100001111 00000011 || 11110000 | 11110000 | 1 | 1
0101100100 00101010 || 10101000 | 10101000 | 1 | 1
0000010111 00011001 || 10011001 | 10011001 | 1 | 1
1000110001 10001011 || 00000100 | 00000100 | 1 | 1
1111100010 00100101 || 00011110 | 00011110 | 1 | 1
1010100000 00101100 || 10111011 | 10111011 | 1 | 1
0101111110 10001100 || 11100001 | 11100001 | 1 | 1
1010100110 10000100 || 11000000 | 11000000 | 1 | 1
1001001011 11110111 || 11000101 | 11000101 | 1 | 1
0100110000 11100010 || 01011010 | 01011010 | 1 | 1
0100110110 00001000 || 10000010 | 10000010 | 1 | 1
0110100001 01001100 || 11100010 | 11100010 | 1 | 1
1011101000 01100110 || 11100000 | 11100000 | 1 | 1
0001000000 11101010 || 01110111 | 01110111 | 1 | 1
1111110111 10101010 || 10100010 | 10100010 | 1 | 1
1011010100 00111110 || 00111011 | 00111011 | 1 | 1
0000010111 00101000 || 01100011 | 01100011 | 1 | 1
0100111011 01100110 || 01100011 | 01100011 | 1 | 1
0101100001 11110011 || 10010100 | 10010100 | 1 | 1
0100110001 00000100 || 01010101 | 01010101 | 1 | 1
0000011111 10001101 || 00111110 | 00111110 | 1 | 1
1010111010 11111010 || 10111001 | 10111001 | 1 | 1
0100111111 11000111 || 11001111 | 11001111 | 1 | 1
0101001110 00011011 || 10101101 | 10101101 | 1 | 1
1001010000 11010010 || 11000111 | 11000111 | 1 | 1
1000101101 11101110 || 11001110 | 11001110 | 1 | 1
0010010101 00011110 || 01011110 | 01011110 | 1 | 1
1110111100 00000011 || 01001011 | 01001011 | 1 | 1
0101101001 00001111 || 01010010 | 01010010 | 1 | 1
0010100011 11001100 || 11110100 | 11110100 | 1 | 1
1111000010 10000111 || 10010101 | 10010101 | 1 | 1
0111000001 01100011 || 10001101 | 10001101 | 1 | 1
1001000011 10111011 || 10111100 | 10111100 | 1 | 1
1010010000 11111001 || 00010001 | 00010001 | 1 | 1
0111111010 11011001 || 00001011 | 00001011 | 1 | 1
1101010010 11110101 || 01100000 | 01100000 | 1 | 1
1001010110 10000100 || 01011111 | 01011111 | 1 | 1
0001011001 01111100 || 01000100 | 01000100 | 1 | 1
0101000010 10000010 || 01010011 | 01010011 | 1 | 1
0110110000 00101001 || 10000010 | 10000010 | 1 | 1
1110110001 10011010 || 10110010 | 10110010 | 1 | 1
1000001111 01001010 || 01110101 | 01110101 | 1 | 1
0001101111 01101100 || 10111111 | 10111111 | 1 | 1
1110111111 11110011 || 11000110 | 11000110 | 1 | 1
1110110111 11110110 || 01011000 | 01011000 | 1 | 1
0000000110 01001010 || 10100100 | 10100100 | 1 | 1
1010111001 00111010 || 01111010 | 01111010 | 1 | 1
1100001011 10000001 || 01010010 | 01010010 | 1 | 1
1101001000 00000000 || 01110110 | 01110110 | 1 | 1
1111001110 01101011 || 10001111 | 10001111 | 1 | 1
0111111000 10110001 || 10101001 | 10101001 | 1 | 1
1100100001 00000101 || 01100011 | 01100011 | 1 | 1
0111110001 00010000 || 00111001 | 00111001 | 1 | 1
0110000111 00010000 || 01001011 | 01001011 | 1 | 1
1000011101 01110000 || 11011100 | 11011100 | 1 | 1
0001010010 00111100 || 01000111 | 01000111 | 1 | 1
1001010101 10010001 || 01100101 | 01100101 | 1 | 1
0010111011 01010000 || 00111101 | 00111101 | 1 | 1
0100011111 11001011 || 10000001 | 10000001 | 1 | 1
1010101111 11000100 || 10000001 | 10000001 | 1 | 1
0000110100 00111010 || 01011110 | 01011110 | 1 | 1
0110010011 10000010 || 01100101 | 01100101 | 1 | 1
1101010100 01101110 || 00100100 | 00100100 | 1 | 1
1011001001 11100100 || 11100000 | 11100000 | 1 | 1
0001001111 11001100 || 11110001 | 11110001 | 1 | 1
1110011111 11100010 || 11011000 | 11011000 | 1 | 1
0000100100 10111001 || 01101111 | 01101111 | 1 | 1
1011001000 11110001 || 10101010 | 10101010 | 1 | 1
1111010000 11011100 || 00000111 | 00000111 | 1 | 1
1001110000 00001100 || 10000000 | 10000000 | 1 | 1
1011100011 00011111 || 01011111 | 01011111 | 1 | 1
0001011100 11111011 || 10010101 | 10010101 | 1 | 1
0000000101 10111101 || 00100110 | 00100110 | 1 | 1
0111001000 10000111 || 00000001 | 00000001 | 1 | 1
1100000001 10110111 || 11000001 | 11000001 | 1 | 1
1001001111 00101010 || 00101111 | 00101111 | 1 | 1
1111100000 01101011 || 11111100 | 11111100 | 1 | 1
1110000101 10010011 || 00000001 | 00000001 | 1 | 1
0110111110 00001100 || 01101001 | 01101001 | 1 | 1
1110111110 10110110 || 00101011 | 00101011 | 1 | 1
1100010010 01000111 || 10100000 | 10100000 | 1 | 1
0000011101 11110101 || 01111010 | 01111010 | 1 | 1
1000101110 10110010 || 11001011 | 11001011 | 1 | 1
1001110101 00010110 || 00011100 | 00011100 | 1 | 1
1001111010 11101110 || 10110100 | 10110100 | 1 | 1
0000101010 10000101 || 11111000 | 11111000 | 1 | 1
1010111100 10011110 || 00010101 | 00010101 | 1 | 1
1001100100 11001000 || 00110011 | 00110011 | 1 | 1
1101010010 11101110 || 01010010 | 01010010 | 1 | 1
0101111100 11100111 || 11111101 | 11111101 | 1 | 1
0100010110 00111011 || 00110111 | 00110111 | 1 | 1
0100000000 10110000 || 10010100 | 10010100 | 1 | 1
0110010101 00011000 || 11110000 | 11110000 | 1 | 1
0100000001 11100010 || 01011110 | 01011110 | 1 | 1
1100010100 00110111 || 01001110 | 01001110 | 1 | 1
0011011110 11101000 || 10110000 | 10110000 | 1 | 1
1100010000 01001110 || 11101010 | 11101010 | 1 | 1
0000100010 01111101 || 01101101 | 01101101 | 1 | 1
0000111100 10110111 || 01101100 | 01101100 | 1 | 1
0000100110 10010000 || 01101100 | 01101100 | 1 | 1
1011101000 00101110 || 10011110 | 10011110 | 1 | 1
0000101010 00111001 || 00111010 | 00111010 | 1 | 1
0001011010 11111001 || 10101011 | 10101011 | 1 | 1
1100110001 00011101 || 10000011 | 10000011 | 1 | 1
0110010100 10011110 || 11110001 | 11110001 | 1 | 1
0100000010 01100000 || 01011000 | 01011000 | 1 | 1
1111110110 11010000 || 10010001 | 10010001 | 1 | 1
0000001100 01001111 || 11011010 | 11011010 | 1 | 1
1011011011 01011011 || 10001001 | 10001001 | 1 | 1
0110101101 11000111 || 01001101 | 01001101 | 1 | 1
1110000001 01011111 || 01111101 | 01111101 | 1 | 1
1111000110 00011001 || 10111000 | 10111000 | 1 | 1
1011010110 11110101 || 00000001 | 00000001 | 1 | 1
0011011011 11110100 || 01010100 | 01010100 | 1 | 1
0111000010 01000100 || 01111011 | 01111011 | 1 | 1
1011111011 01110000 || 00000001 | 00000001 | 1 | 1
1111100010 00011110 || 01100011 | 01100011 | 1 | 1
1001101110 00100001 || 11111110 | 11111110 | 1 | 1
0100110111 11111010 || 10111001 | 10111001 | 1 | 1
0001101111 00010110 || 00111101 | 00111101 | 1 | 1
0111111100 00110011 || 00010101 | 00010101 | 1 | 1
1111010101 00101101 || 01101111 | 01101111 | 1 | 1
1100011000 10110001 || 00000101 | 00000101 | 1 | 1
1001101100 01100010 || 10001100 | 10001100 | 1 | 1
0001001110 11101111 || 11100110 | 11100110 | 1 | 1
0011110010 00101001 || 10110100 | 10110100 | 1 | 1
0100101101 11100011 || 10101000 | 10101000 | 1 | 1
1000110011 11111001 || 01001000 | 01001000 | 1 | 1
1101011100 10101111 || 00100000 | 00100000 | 1 | 1
0110001100 11011010 || 00100101 | 00100101 | 1 | 1
0110111010 11110010 || 00110101 | 00110101 | 1 | 1
1111101011 10001101 || 01010111 | 01010111 | 1 | 1
0111101111 01011111 || 01111101 | 01111101 | 1 | 1
0001011110 00110000 || 00100111 | 00100111 | 1 | 1
1010101110 11001101 || 10100001 | 10100001 | 1 | 1
0101011001 11000101 || 11110010 | 11110010 | 1 | 1
1110111011 00101001 || 00111111 | 00111111 | 1 | 1
0001010101 01101111 || 10011010 | 10011010 | 1 | 1
1001110010 00011110 || 01101110 | 01101110 | 1 | 1
0111111100 01110110 || 00001011 | 00001011 | 1 | 1
1110011010 00111010 || 00001011 | 00001011 | 1 | 1
1011110011 01111111 || 01000110 | 01000110 | 1 | 1
0111111011 11000000 || 00111011 | 00111011 | 1 | 1
0001011111 10011000 || 01000110 | 01000110 | 1 | 1
1101110010 10001111 || 01111110 | 01111110 | 1 | 1
1110000011 10101000 || 01111011 | 01111011 | 1 | 1
0000101001 01011101 || 00011010 | 00011010 | 1 | 1
0111111010 01110000 || 00010110 | 00010110 | 1 | 1
0111011100 01110011 || 10000001 | 10000001 | 1 | 1
1001011111 10111000 || 00001100 | 00001100 | 1 | 1
1011101000 11100001 || 00011001 | 00011001 | 1 | 1
0101011000 10101111 || 00110000 | 00110000 | 1 | 1
0100111001 10010101 || 10100011 | 10100011 | 1 | 1
0110011110 10010001 || 11111110 | 11111110 | 1 | 1
1001100100 00001000 || 01000001 | 01000001 | 1 | 1
0100100110 01101110 || 00101001 | 00101001 | 1 | 1
0100001001 11100111 || 11000000 | 11000000 | 1 | 1
0100111111 10111010 || 00011011 | 00011011 | 1 | 1
1000100010 11010110 || 11010001 | 11010001 | 1 | 1
1001011101 00111110 || 01111100 | 01111100 | 1 | 1
0101000100 00110011 || 00001010 | 00001010 | 1 | 1
0001000001 11000101 || 10110101 | 10110101 | 1 | 1
1011110111 11000111 || 00000000 | 00000000 | 1 | 1
1111011001 11010101 || 00100011 | 00100011 | 1 | 1
1111010011 00111101 || 10111001 | 10111001 | 1 | 1
1000011001 11111100 || 01000000 | 01000000 | 1 | 1
1110011100 10101010 || 01111011 | 01111011 | 1 | 1
1010010010 00001110 || 11000011 | 11000011 | 1 | 1
1001100111 10001011 || 01111010 | 01111010 | 1 | 1
0010001001 11110110 || 00111110 | 00111110 | 1 | 1
0000000011 10111110 || 00101000 | 00101000 | 1 | 1
1100000011 10000010 || 10000010 | 10000010 | 1 | 1
1010101000 01110001 || 01111010 | 01111010 | 1 | 1
0100101111 10010111 || 11001111 | 11001111 | 1 | 1
0110010100 00111111 || 11101010 | 11101010 | 1 | 1
1001100010 00110010 || 10101100 | 10101100 | 1 | 1
1111110110 11001000 || 10111100 | 10111100 | 1 | 1
1111011101 00001100 || 10110100 | 10110100 | 1 | 1
0000100000 11011110 || 10001000 | 10001000 | 1 | 1
0100000011 01000111 || 11011000 | 11011000 | 1 | 1
0100000110 11001000 || 11010101 | 11010101 | 1 | 1
1101110011 01100010 || 00010110 | 00010110 | 1 | 1
0010011111 10101110 || 11100101 | 11100101 | 1 | 1
1001110100 01000101 || 00001101 | 00001101 | 1 | 1
0000011100 11101010 || 10000101 | 10000101 | 1 | 1
0111100110 01110000 || 01011000 | 01011000 | 1 | 1
1110101011 11111100 || 10001011 | 10001011 | 1 | 1
1111101010 10011100 || 11101101 | 11101101 | 1 | 1
1011111010 01000000 || 11110111 | 11110111 | 1 | 1
0111111100 11011101 || 10010011 | 10010011 | 1 | 1
1000111011 00110000 || 01001111 | 01001111 | 1 | 1
1000000110 11111100 || 11111001 | 11111001 | 1 | 1
1101001100 10110010 || 01111101 | 01111101 | 1 | 1
0110010001 01010010 || 11101100 | 11101100 | 1 | 1
1100110100 00111100 || 11111110 | 11111110 | 1 | 1
0001000111 01010110 || 11011111 | 11011111 | 1 | 1
0111110110 11000111 || 01001000 | 01001000 | 1 | 1
1001000010 11011001 || 01000110 | 01000110 | 1 | 1
0001001101 01011110 || 00010001 | 00010001 | 1 | 1
1000101000 00001110 || 01011000 | 01011000 | 1 | 1
1010010001 11111111 || 01110110 | 01110110 | 1 | 1
1111100101 11111011 || 00110000 | 00110000 | 1 | 1
1111110000 11110011 || 01011010 | 01011010 | 1 | 1
0001111011 10000100 || 11000011 | 11000011 | 1 | 1
0101000110 10110101 || 11010111 | 11010111 | 1 | 1
0010000111 00000100 || 11000101 | 11000101 | 1 | 1
0100001100 11110001 || 10110010 | 10110010 | 1 | 1
0001111001 10100010 || 10110000 | 10110000 | 1 | 1
1101101001 01011011 || 10110000 | 10110000 | 1 | 1
0010000100 01111100 || 10000101 | 10000101 | 1 | 1
0000110001 00010101 || 10000011 | 10000011 | 1 | 1
0111001001 11100010 || 01000100 | 01000100 | 1 | 1
1101000000 01100000 || 11001010 | 11001010 | 1 | 1
1010101101 11100001 || 10100101 | 10100101 | 1 | 1
1111000100 01001001 || 01010010 | 01010010 | 1 | 1
0100000010 11100100 || 10111011 | 10111011 | 1 | 1
0011100011 10010101 || 01011110 | 01011110 | 1 | 1
0010111000 01001100 || 11101101 | 11101101 | 1 | 1
1011011010 11000010 || 01011111 | 01011111 | 1 | 1
0100010101 01101100 || 00100010 | 00100010 | 1 | 1
0101110101 11001001 || 11111111 | 11111111 | 1 | 1
1011011010 11000001 || 10000100 | 10000100 | 1 | 1
1111101100 01100101 || 10010111 | 10010111 | 1 | 1
1110100111 01011011 || 10101000 | 10101000 | 1 | 1
1010101001 10010110 || 00010010 | 00010010 | 1 | 1
1011000011 10011111 || 01011001 | 01011001 | 1 | 1
0110101011 10011000 || 00100000 | 00100000 | 1 | 1
1001111001 00000111 || 11001001 | 11001001 | 1 | 1
1100001110 10110000 || 01100100 | 01100100 | 1 | 1
1001000001 11000001 || 00000010 | 00000010 | 1 | 1
0011111000 00011010 || 10000101 | 10000101 | 1 | 1
1011100101 00100101 || 11110000 | 11110000 | 1 | 1
1110111010 11011010 || 00110001 | 00110001 | 1 | 1
0001101001 10011100 || 00011110 | 00011110 | 1 | 1
1101111110 11011001 || 11111110 | 11111110 | 1 | 1
1111000111 01010101 || 00101110 | 00101110 | 1 | 1
0110000111 10011101 || 01110011 | 01110011 | 1 | 1
0101010011 11111101 || 10101001 | 10101001 | 1 | 1
1001101010 10100100 || 00101101 | 00101101 | 1 | 1
1001010101 00111110 || 11111010 | 11111010 | 1 | 1
1110000000 00110000 || 11111101 | 11111101 | 1 | 1
0001101100 10100000 || 00010111 | 00010111 | 1 | 1
0001001001 01111111 || 01011011 | 01011011 | 1 | 1
1011111000 00011000 || 01000000 | 01000000 | 1 | 1
0100001100 10010011 || 11100100 | 11100100 | 1 | 1
1111000001 01011101 || 00000010 | 00000010 | 1 | 1
0010001101 11101011 || 01111100 | 01111100 | 1 | 1
0010011000 01101001 || 00010100 | 00010100 | 1 | 1
0011110011 10110001 || 11011110 | 11011110 | 1 | 1
1111011111 01000111 || 01100000 | 01100000 | 1 | 1
0111100110 11011000 || 01111000 | 01111000 | 1 | 1
1010110100 11001001 || 10001010 | 10001010 | 1 | 1
1010010100 10010110 || 11110101 | 11110101 | 1 | 1
1110001111 10111000 || 11111011 | 11111011 | 1 | 1
1101001010 00011110 || 00101000 | 00101000 | 1 | 1
0100110101 01101001 || 01010011 | 01010011 | 1 | 1
0001111111 00011001 || 00011001 | 00011001 | 1 | 1
0100010111 11100111 || 01010011 | 01010011 | 1 | 1
0110011011 01001110 || 01011011 | 01011011 | 1 | 1
1111110111 00111011 || 11011010 | 11011010 | 1 | 1
1100000001 00101011 || 11101111 | 11101111 | 1 | 1
1110100001 01000000 || 00011001 | 00011001 | 1 | 1
0110011000 01100100 || 10001110 | 10001110 | 1 | 1
0000001100 10011001 || 11000001 | 11000001 | 1 | 1
1001101010 11011011 || 01101111 | 01101111 | 1 | 1
1100011100 10101011 || 11000011 | 11000011 | 1 | 1
1101001000 01010110 || 01100111 | 01100111 | 1 | 1
0011101000 01110011 || 11100001 | 11100001 | 1 | 1
1101101110 01110110 || 00011010 | 00011010 | 1 | 1
1100000000 01010011 || 00010111 | 00010111 | 1 | 1
0011101010 11011101 || 10101011 | 10101011 | 1 | 1
0011100001 00011110 || 11111101 | 11111101 | 1 | 1
0001011101 10110011 || 11111010 | 11111010 | 1 | 1
0101100101 10010010 || 10111000 | 10111000 | 1 | 1
0000111101 11001010 || 11000100 | 11000100 | 1 | 1
1000000101 00011000 || 01011111 | 01011111 | 1 | 1
1111101100 10101101 || 10011001 | 10011001 | 1 | 1
1100111100 01001000 || 10000110 | 10000110 | 1 | 1
0100100100 00101110 || 00111111 | 00111111 | 1 | 1
1010011110 00110111 || 01010000 | 01010000 | 1 | 1
0111010100 10000101 || 11100100 | 11100100 | 1 | 1
0010101101 11011001 || 10010100 | 10010100 | 1 | 1
0010011101 00011011 || 01010100 | 01010100 | 1 | 1
1110100001 00001011 || 01101111 | 01101111 | 1 | 1
1011001100 11110110 || 10100000 | 10100000 | 1 | 1
0100111010 10111111 || 00111001 | 00111001 | 1 | 1
1001110100 01001010 || 10101001 | 10101001 | 1 | 1
1011011100 01100000 || 00101110 | 00101110 | 1 | 1
0000011111 11000011 || 00001010 | 00001010 | 1 | 1
1011001110 10111101 || 11000111 | 11000111 | 1 | 1
1101010100 00011001 || 01111010 | 01111010 | 1 | 1
1011011010 00100110 || 00000000 | 00000000 | 1 | 1
1111000011 11101011 || 01100011 | 01100011 | 1 | 1
0010111001 10000000 || 01011101 | 01011101 | 1 | 1
1110010101 00111010 || 11010001 | 11010001 | 1 | 1
1101001000 01100101 || 01110010 | 01110010 | 1 | 1
1110101100 10111010 || 01011101 | 01011101 | 1 | 1
0001001110 10000110 || 00000001 | 00000001 | 1 | 1
0110000010 01001110 || 01000100 | 01000100 | 1 | 1
1000010010 00011111 || 00110101 | 00110101 | 1 | 1
1100001011 01011111 || 01100011 | 01100011 | 1 | 1
1111110110 00011001 || 00010000 | 00010000 | 1 | 1
1111101001 00001111 || 11101010 | 11101010 | 1 | 1
1101110111 10000000 || 01110011 | 01110011 | 1 | 1
0101001110 01111001 || 00101101 | 00101101 | 1 | 1
1110011111 01000110 || 11110011 | 11110011 | 1 | 1
1101011100 00011001 || 11101110 | 11101110 | 1 | 1
1000000111 00010000 || 11010011 | 11010011 | 1 | 1
0110111100 00011100 || 01111010 | 01111010 | 1 | 1
0110101000 10011010 || 00110100 | 00110100 | 1 | 1
0111011010 01010010 || 10001001 | 10001001 | 1 | 1
1011000010 00100101 || 11111110 | 11111110 | 1 | 1
1100110011 00101110 || 00001010 | 00001010 | 1 | 1
1011000000 11001011 || 10110010 | 10110010 | 1 | 1
0101110001 00010001 || 11000000 | 11000000 | 1 | 1
0110010001 00110010 || 11010000 | 11010000 | 1 | 1
0110001100 10101010 || 01011000 | 01011000 | 1 | 1
0011000101 00110100 || 01110000 | 01110000 | 1 | 1
1011111111 10000000 || 01101101 | 01101101 | 1 | 1
1010110100 00101010 || 11111011 | 11111011 | 1 | 1
1001000010 00101001 || 10001001 | 10001001 | 1 | 1
0100101011 10100000 || 00001101 | 00001101 | 1 | 1
1001001000 01100010 || 00001001 | 00001001 | 1 | 1
1100101001 10101111 || 10101010 | 10101010 | 1 | 1
1100110010 01101101 || 00001111 | 00001111 | 1 | 1
1001001110 10011110 || 00101110 | 00101110 | 1 | 1
0001110010 10000001 || 10111000 | 10111000 | 1 | 1
1110100100 01001111 || 01010010 | 01010010 | 1 | 1
0110001010 11110100 || 10111010 | 10111010 | 1 | 1
0011011001 00101011 || 00110010 | 00110010 | 1 | 1
0101001100 00010011 || 10010000 | 10010000 | 1 | 1
0001000001 10110110 || 01110001 | 01110001 | 1 | 1
1110010111 10011001 || 01010001 | 01010001 | 1 | 1
1001111101 01111110 || 01101000 | 01101000 | 1 | 1
1011010000 00011011 || 00100110 | 00100110 | 1 | 1
1000010111 01101010 || 10111110 | 10111110 | 1 | 1
1010000110 00011000 || 00101110 | 00101110 | 1 | 1
1000110011 00110011 || 00010111 | 00010111 | 1 | 1
0011111011 10000010 || 11000101 | 11000101 | 1 | 1
1110001000 00100010 || 00010011 | 00010011 | 1 | 1
0100010100 11001101 || 11110000 | 11110000 | 1 | 1
1110101101 00111000 || 01111111 | 01111111 | 1 | 1
1001001110 11001010 || 11110100 | 11110100 | 1 | 1
0001101100 10111101 || 00001010 | 00001010 | 1 | 1
0111011001 10001101 || 10100000 | 10100000 | 1 | 1
1111000010 01101001 || 00110101 | 00110101 | 1 | 1
1101000010 10000110 || 11100100 | 11100100 | 1 | 1
0000101100 01100000 || 10000011 | 10000011 | 1 | 1
1011011111 01011001 || 01110001 | 01110001 | 1 | 1
1001010000 11011111 || 00010001 | 00010001 | 1 | 1
0001100100 10010110 || 00110000 | 00110000 | 1 | 1
0101110010 00100101 || 11010111 | 11010111 | 1 | 1
0101000110 11101101 || 00100011 | 00100011 | 1 | 1
1101111100 10111100 || 01101010 | 01101010 | 1 | 1
0000010001 11100001 || 11111011 | 11111011 | 1 | 1
0100101100 01111010 || 01100011 | 01100011 | 1 | 1
0111110011 01111101 || 00101111 | 00101111 | 1 | 1
1000111000 00110110 || 01111000 | 01111000 | 1 | 1
0101111001 10101111 || 01011101 | 01011101 | 1 | 1
0110000010 00111010 || 00101010 | 00101010 | 1 | 1
0010001100 11011011 || 00100010 | 00100010 | 1 | 1
0001101101 10010111 || 01111011 | 01111011 | 1 | 1
1011111110 00011001 || 11100100 | 11100100 | 1 | 1
0011010000 01010000 || 01101000 | 01101000 | 1 | 1
1110010010 00100000 || 11101011 | 11101011 | 1 | 1
1010100010 11110010 || 01010001 | 01010001 | 1 | 1
1000000101 00000010 || 00111001 | 00111001 | 1 | 1
0010011100 10010001 || 01101010 | 01101010 | 1 | 1
1111011101 01001001 || 10000010 | 10000010 | 1 | 1
0010100101 00111110 || 01110011 | 01110011 | 1 | 1
1000000000 11011000 || 01000001 | 01000001 | 1 | 1
0101100001 10000101 || 10100101 | 10100101 | 1 | 1
1010011110 11011100 || 01101110 | 01101110 | 1 | 1
1100111110 10101010 || 01100011 | 01100011 | 1 | 1
1110100001 00001000 || 01010111 | 01010111 | 1 | 1
0100110001 10100100 || 01011011 | 01011011 | 1 | 1
1110101001 01111000 || 00101110 | 00101110 | 1 | 1
0000111000 00000001 || 10101010 | 10101010 | 1 | 1
0000110001 01010100 || 00000010 | 00000010 | 1 | 1
0100100011 10011001 || 10011111 | 10011111 | 1 | 1
1000000010 01001100 || 10001101 | 10001101 | 1 | 1
0110001111 00110000 || 10100101 | 10100101 | 1 | 1
1101110001 01111001 || 11101010 | 11101010 | 1 | 1
0000100010 00100101 || 01010100 | 01010100 | 1 | 1
1001101100 11110111 || 00011001 | 00011001 | 1 | 1
1100011110 11110101 || 00111011 | 00111011 | 1 | 1
0010000110 01111111 || 11101011 | 11101011 | 1 | 1
0010111101 00110001 || 10000101 | 10000101 | 1 | 1
1101010001 11111101 || 10001101 | 10001101 | 1 | 1
1100001001 00110110 || 01110001 | 01110001 | 1 | 1
0001101001 10110001 || 01101101 | 01101101 | 1 | 1
1110001011 11000000 || 00001001 | 00001001 | 1 | 1
1000110011 11100110 || 01010011 | 01010011 | 1 | 1
0011001111 01010110 || 00000101 | 00000101 | 1 | 1
0101110010 11101010 || 11010101 | 11010101 | 1 | 1
0000001011 10011011 || 00110000 | 00110000 | 1 | 1
0111011110 10000011 || 01011001 | 01011001 | 1 | 1
0100011111 10000001 || 11110000 | 11110000 | 1 | 1
0011010101 11100101 || 10110100 | 10110100 | 1 | 1
1011101101 01111110 || 01000001 | 01000001 | 1 | 1
0010001110 01000110 || 00100111 | 00100111 | 1 | 1
0101101001 11011100 || 01101010 | 01101010 | 1 | 1
1101110010 10100011 || 01011101 | 01011101 | 1 | 1
1010000111 11111101 || 11001001 | 11001001 | 1 | 1
1101111010 01110100 || 00001101 | 00001101 | 1 | 1
0110110100 00000111 || 00001010 | 00001010 | 1 | 1
1110011011 10000011 || 10010100 | 10010100 | 1 | 1
0001001100 01011000 || 01100000 | 01100000 | 1 | 1
0010100011 00101000 || 11001011 | 11001011 | 1 | 1
0100111011 10011010 || 00011010 | 00011010 | 1 | 1
0101101000 01111101 || 11011101 | 11011101 | 1 | 1
0101000100 10111100 || 11011001 | 11011001 | 1 | 1
0100000100 01011011 || 11111011 | 11111011 | 1 | 1
1100110110 10111010 || 11001010 | 11001010 | 1 | 1
1010101101 01001110 || 11101000 | 11101000 | 1 | 1
1011010111 10111110 || 00100100 | 00100100 | 1 | 1
0000010110 11111001 || 01100110 | 01100110 | 1 | 1
0001111111 00101111 || 01011000 | 01011000 | 1 | 1
1011000001 01111000 || 00101000 | 00101000 | 1 | 1
0110100010 00010110 || 11111010 | 11111010 | 1 | 1
1000010101 11101011 || 01011101 | 01011101 | 1 | 1
0010110000 11101101 || 11010101 | 11010101 | 1 | 1
0100100010 00011100 || 10000100 | 10000100 | 1 | 1
0010101000 00000000 || 00111110 | 00111110 | 1 | 1
0001111000 00111010 || 00000101 | 00000101 | 1 | 1
1000100011 01100100 || 01011110 | 01011110 | 1 | 1
0001010101 01010011 || 01010010 | 01010010 | 1 | 1
0011000100 11110111 || 11110100 | 11110100 | 1 | 1
1111100000 11110111 || 00110010 | 00110010 | 1 | 1
1100111000 01111010 || 00000111 | 00000111 | 1 | 1
0001100010 01000000 || 11110010 | 11110010 | 1 | 1
1000111000 11101100 || 00101100 | 00101100 | 1 | 1
1111110000 01100110 || 00100110 | 00100110 | 1 | 1
0101101011 10000000 || 01100011 | 01100011 | 1 | 1
1000000101 01101100 || 10001111 | 10001111 | 1 | 1
0011100100 01111101 || 11110011 | 11110011 | 1 | 1
0010010101 11110110 || 11001010 | 11001010 | 1 | 1
1011111110 00101001 || 01110000 | 01110000 | 1 | 1
0011100000 00000011 || 01110100 | 01110100 | 1 | 1
1100010010 00100000 || 10000110 | 10000110 | 1 | 1
0011011000 11100101 || 11111011 | 11111011 | 1 | 1
1101000111 11100111 || 11001101 | 11001101 | 1 | 1
1111101010 01111001 || 10010000 | 10010000 | 1 | 1
1010001100 11000010 || 11100000 | 11100000 | 1 | 1
0101100101 00101101 || 11100000 | 11100000 | 1 | 1
1101011001 11111100 || 10110010 | 10110010 | 1 | 1
1111001111 11000011 || 11101110 | 11101110 | 1 | 1
0001100100 11000001 || 11110100 | 11110100 | 1 | 1
0100000010 00101010 || 00010101 | 00010101 | 1 | 1
0100100101 11010100 || 10000100 | 10000100 | 1 | 1
1100101111 10111111 || 10111100 | 10111100 | 1 | 1
0011100000 11001101 || 00011010 | 00011010 | 1 | 1
1001101001 10100111 || 01000010 | 01000010 | 1 | 1
1000100000 01011011 || 01111001 | 01111001 | 1 | 1
0001010100 10010000 || 00111111 | 00111111 | 1 | 1
1011110101 10110011 || 11000010 | 11000010 | 1 | 1
1001000111 01111100 || 00000010 | 00000010 | 1 | 1
0000101011 00111111 || 00111011 | 00111011 | 1 | 1
1101110011 11011010 || 01111000 | 01111000 | 1 | 1
0011101101 11010010 || 00100100 | 00100100 | 1 | 1
0010011001 10101101 || 10101110 | 10101110 | 1 | 1
1110101001 01001001 || 11110110 | 11110110 | 1 | 1
1110010000 01011111 || 10110001 | 10110001 | 1 | 1
1100100001 01110110 || 10100111 | 10100111 | 1 | 1
1100110101 00000001 || 10100010 | 10100010 | 1 | 1
0010010000 01000010 || 01011001 | 01011001 | 1 | 1
1010100100 00111001 || 00100110 | 00100110 | 1 | 1
0100101100 00011010 || 01111111 | 01111111 | 1 | 1
1100001100 01100010 || 01001010 | 01001010 | 1 | 1
0110111100 00011011 || 00110101 | 00110101 | 1 | 1
0000010110 00101110 || 01110000 | 01110000 | 1 | 1
1001100100 00111111 || 00100110 | 00100110 | 1 | 1
1101101110 11110101 || 00100001 | 00100001 | 1 | 1
0111111010 10001000 || 10101100 | 10101100 | 1 | 1
1001011100 11001001 || 00000101 | 00000101 | 1 | 1
1101000011 00110110 || 11100101 | 11100101 | 1 | 1
0110110001 10100110 || 01001010 | 01001010 | 1 | 1
0011010010 01011001 || 10101011 | 10101011 | 1 | 1
1000100101 10110011 || 00100100 | 00100100 | 1 | 1
1100001110 00000111 || 01110110 | 01110110 | 1 | 1
0010000101 01000100 || 11000001 | 11000001 | 1 | 1
1010110111 10100010 || 00001010 | 00001010 | 1 | 1
1010100001 10011110 || 01011111 | 01011111 | 1 | 1
1100010000 01100111 || 10011100 | 10011100 | 1 | 1
0010110011 01111000 || 00011101 | 00011101 | 1 | 1
1111110011 11000001 || 11001101 | 11001101 | 1 | 1
1100101000 01101001 || 11111111 | 11111111 | 1 | 1
1110110111 10000110 || 11000111 | 11000111 | 1 | 1
0011111101 11100001 || 11010111 | 11010111 | 1 | 1
0010010100 01000010 || 01011001 | 01011001 | 1 | 1
1100000001 01110011 || 10010110 | 10010110 | 1 | 1
1100100101 01001000 || 11000110 | 11000110 | 1 | 1
0011000101 01101101 || 11111100 | 11111100 | 1 | 1
0010000111 10011010 || 00101000 | 00101000 | 1 | 1
1111110000 00011110 || 10010110 | 10010110 | 1 | 1
0011111101 01110010 || 00101111 | 00101111 | 1 | 1
0000101001 10000100 || 01110000 | 01110000 | 1 | 1
1100111100 11000011 || 00110100 | 00110100 | 1 | 1
0000000010 01010000 || 10011110 | 10011110 | 1 | 1
1110110011 00110101 || 00011001 | 00011001 | 1 | 1
0110000100 11111011 || 00011100 | 00011100 | 1 | 1
0001101011 11001011 || 11100111 | 11100111 | 1 | 1
1000010111 01001111 || 10000110 | 10000110 | 1 | 1
0100100111 01101101 || 11100010 | 11100010 | 1 | 1
1010011010 11001011 || 11000111 | 11000111 | 1 | 1
0011011100 01111010 || 10111100 | 10111100 | 1 | 1
1111010111 11001100 || 10110000 | 10110000 | 1 | 1
1000001001 11111000 || 01000001 | 01000001 | 1 | 1
0000011010 10100101 || 11010001 | 11010001 | 1 | 1
0110101001 01100000 || 10100111 | 10100111 | 1 | 1
1000000001 11111000 || 01000001 | 01000001 | 1 | 1
1001000100 01101110 || 11101001 | 11101001 | 1 | 1
1111010000 11000101 || 01100011 | 01100011 | 1 | 1
1011111001 10101011 || 10000100 | 10000100 | 1 | 1
1001001111 10011010 || 10000010 | 10000010 | 1 | 1
1110110100 10101110 || 00111000 | 00111000 | 1 | 1
0101101110 01010110 || 00100100 | 00100100 | 1 | 1
0000010000 01110101 || 10010110 | 10010110 | 1 | 1
1111110011 10100100 || 01010110 | 01010110 | 1 | 1
0001010001 10100110 || 01110001 | 01110001 | 1 | 1
1011100110 01110110 || 00010100 | 00010100 | 1 | 1
1000110010 00111100 || 10000011 | 10000011 | 1 | 1
0011101101 01101001 || 00011011 | 00011011 | 1 | 1
0101010101 11111000 || 00001100 | 00001100 | 1 | 1
1111111000 01101000 || 00100100 | 00100100 | 1 | 1
1000100010 10111011 || 01010011 | 01010011 | 1 | 1
1110110011 11011110 || 00010011 | 00010011 | 1 | 1
1000000001 00011011 || 10000100 | 10000100 | 1 | 1
0011101101 11011011 || 11111100 | 11111100 | 1 | 1
0011011000 01011100 || 10000101 | 10000101 | 1 | 1
0100100110 00111100 || 11101001 | 11101001 | 1 | 1
1000111111 11100110 || 01010101 | 01010101 | 1 | 1
1010001000 00101011 || 11101000 | 11101000 | 1 | 1
1110000110 11111000 || 01010100 | 01010100 | 1 | 1
1100011100 01100001 || 00100010 | 00100010 | 1 | 1
1110111001 10000110 || 00010100 | 00010100 | 1 | 1
0010011100 01110110 || 00011001 | 00011001 | 1 | 1
0100100011 11010010 || 10001000 | 10001000 | 1 | 1
1110110100 11001100 || 01001001 | 01001001 | 1 | 1
1011110001 00110010 || 01110100 | 01110100 | 1 | 1
1000011100 11110010 || 01101110 | 01101110 | 1 | 1
0001110011 01000011 || 00001010 | 00001010 | 1 | 1
0100101000 10001011 || 01000100 | 01000100 | 1 | 1
0101010010 00100111 || 00111110 | 00111110 | 1 | 1
0000100010 01101011 || 10001110 | 10001110 | 1 | 1
0011011011 10100110 || 10001000 | 10001000 | 1 | 1
0011110001 10010101 || 10000011 | 10000011 | 1 | 1
0110001100 10110100 || 11011111 | 11011111 | 1 | 1
1000001101 11101011 || 01110110 | 01110110 | 1 | 1
1001010000 11101101 || 01111001 | 01111001 | 1 | 1
1111011110 00001011 || 10010110 | 10010110 | 1 | 1
0000111000 10011100 || 10111001 | 10111001 | 1 | 1
1010111001 10110101 || 10001001 | 10001001 | 1 | 1
0101001101 01001001 || 00111111 | 00111111 | 1 | 1
1100101100 10011011 || 01001101 | 01001101 | 1 | 1
0000111111 00100111 || 01010101 | 01010101 | 1 | 1
1010111010 01001101 || 01101111 | 01101111 | 1 | 1
1011110001 00111001 || 11111110 | 11111110 | 1 | 1
0010001111 11000101 || 11001100 | 11001100 | 1 | 1
0001111101 11110011 || 11001110 | 11001110 | 1 | 1
0010110011 00000111 || 11000001 | 11000001 | 1 | 1
1101011010 10000010 || 00000110 | 00000110 | 1 | 1
0011110111 00001110 || 01001011 | 01001011 | 1 | 1
1011011101 10101011 || 01000100 | 01000100 | 1 | 1
1111101000 10110000 || 01111101 | 01111101 | 1 | 1
0010101101 01100011 || 11000110 | 11000110 | 1 | 1
1011101001 01011000 || 10010100 | 10010100 | 1 | 1
0001100101 10000000 || 11110000 | 11110000 | 1 | 1
0111000000 01001101 || 11011100 | 11011100 | 1 | 1
0001110111 10111010 || 10011101 | 10011101 | 1 | 1
1001010101 01010101 || 11010110 | 11010110 | 1 | 1
0110010011 10011010 || 01100000 | 01100000 | 1 | 1
0100010011 01111100 || 11010100 | 11010100 | 1 | 1
1010111110 10100001 || 01011011 | 01011011 | 1 | 1
0001000001 11011011 || 10000000 | 10000000 | 1 | 1
1100010101 00101111 || 00101010 | 00101010 | 1 | 1
1000010000 11110010 || 00001001 | 00001001 | 1 | 1
1001110110 01110001 || 01001010 | 01001010 | 1 | 1
0011000001 00101110 || 10001001 | 10001001 | 1 | 1
1111101010 10011110 || 01100011 | 01100011 | 1 | 1
1011010101 11011101 || 10000100 | 10000100 | 1 | 1
1000100011 00010010 || 11001010 | 11001010 | 1 | 1
0110010100 10100010 || 01000011 | 01000011 | 1 | 1
1111101010 01011011 || 11000001 | 11000001 | 1 | 1
0000010010 01001111 || 11001110 | 11001110 | 1 | 1
0011100000 11101010 || 00011111 | 00011111 | 1 | 1
1100000011 11100111 || 10000110 | 10000110 | 1 | 1
0000010110 00011011 || 10111111 | 10111111 | 1 | 1
0110100100 10100110 || 00001011 | 00001011 | 1 | 1
0001110000 11000001 || 10011000 | 10011000 | 1 | 1
1110110010 00110010 || 00000011 | 00000011 | 1 | 1
0100001011 01101001 || 11101100 | 11101100 | 1 | 1
0101111100 11111110 || 00111111 | 00111111 | 1 | 1
1111000010 01101101 || 01010000 | 01010000 | 1 | 1
1011001010 11011110 || 01010111 | 01010111 | 1 | 1
1110111100 01010001 || 01011010 | 01011010 | 1 | 1
1100010110 11111011 || 10100111 | 10100111 | 1 | 1
1011001000 01000001 || 10010111 | 10010111 | 1 | 1
0111111101 10101111 || 01110001 | 01110001 | 1 | 1
0011010111 10100011 || 01111001 | 01111001 | 1 | 1
1101010110 11100000 || 00000110 | 00000110 | 1 | 1
0010111001 10100010 || 10111111 | 10111111 | 1 | 1
1011110111 11000101 || 11101000 | 11101000 | 1 | 1
0000100011 11101010 || 01000110 | 01000110 | 1 | 1
1111011110 11001001 || 00001110 | 00001110 | 1 | 1
0001110000 10000001 || 00101100 | 00101100 | 1 | 1
0100111011 01100111 || 01100001 | 01100001 | 1 | 1
1010110100 00011100 || 01011110 | 01011110 | 1 | 1
0110111001 00010011 || 00100011 | 00100011 | 1 | 1
0000010110 11011011 || 00101101 | 00101101 | 1 | 1
1010010000 01100110 || 00100000 | 00100000 | 1 | 1
0100001001 10101111 || 01001000 | 01001000 | 1 | 1
0110111010 01010101 || 01100000 | 01100000 | 1 | 1
0100110100 11001111 || 10101010 | 10101010 | 1 | 1
0011110001 01001100 || 01100001 | 01100001 | 1 | 1
0011100000 10011000 || 00111100 | 00111100 | 1 | 1
0011110110 00111101 || 00111111 | 00111111 | 1 | 1
0011100001 01011110 || 01001001 | 01001001 | 1 | 1
0101011000 11100000 || 10100110 | 10100110 | 1 | 1
1000010011 10110010 || 01101100 | 01101100 | 1 | 1
0101111111 01100110 || 11010111 | 11010111 | 1 | 1
0100001010 01000001 || 01101011 | 01101011 | 1 | 1
1010101101 01111101 || 10101001 | 10101001 | 1 | 1
0111001000 10111001 || 00000010 | 00000010 | 1 | 1
1011010110 11001100 || 11111001 | 11111001 | 1 | 1
1110100110 00000110 || 00100101 | 00100101 | 1 | 1
1111101110 10001111 || 01010000 | 01010000 | 1 | 1
1111111001 00100101 || 10100010 | 10100010 | 1 | 1
1001111110 11011100 || 11110100 | 11110100 | 1 | 1
1100110000 11101001 || 10101110 | 10101110 | 1 | 1
1110111010 00110000 || 11000110 | 11000110 | 1 | 1
0010010011 11110110 || 00000101 | 00000101 | 1 | 1
1110110011 00100010 || 01001001 | 01001001 | 1 | 1
0011000111 10111100 || 10101000 | 10101000 | 1 | 1
1001111010 00011111 || 10110101 | 10110101 | 1 | 1
1110000010 10011110 || 00100011 | 00100011 | 1 | 1
0101110110 10110010 || 01001100 | 01001100 | 1 | 1
0000110001 10001111 || 01110111 | 01110111 | 1 | 1
1011000010 10011101 || 00111011 | 00111011 | 1 | 1
0101010000 00011111 || 10010011 | 10010011 | 1 | 1
0000001000 11000011 || 11000100 | 11000100 | 1 | 1
0000111101 10101100 || 00110110 | 00110110 | 1 | 1
0111001111 10000010 || 01100101 | 01100101 | 1 | 1
0101100010 10010100 || 11101111 | 11101111 | 1 | 1
1000111100 11000010 || 01100001 | 01100001 | 1 | 1
1100010001 11100011 || 01010110 | 01010110 | 1 | 1
1110101101 10111010 || 00110100 | 00110100 | 1 | 1
1010000100 01011110 || 10000000 | 10000000 | 1 | 1
0001001001 00001010 || 11111000 | 11111000 | 1 | 1
0110001000 00111001 || 00000010 | 00000010 | 1 | 1
1111111011 10111101 || 00001111 | 00001111 | 1 | 1
1100000111 01000101 || 01010100 | 01010100 | 1 | 1
0001011111 11000101 || 01000111 | 01000111 | 1 | 1
1011111011 01001001 || 01100101 | 01100101 | 1 | 1
0101011110 11101100 || 11111101 | 11111101 | 1 | 1
1010001010 00010110 || 10101100 | 10101100 | 1 | 1
0110011001 11101111 || 11110001 | 11110001 | 1 | 1
1110110110 00001000 || 10111100 | 10111100 | 1 | 1
1000111000 11001111 || 01011010 | 01011010 | 1 | 1
0101111011 01011010 || 00011010 | 00011010 | 1 | 1
1111101100 01100011 || 11010001 | 11010001 | 1 | 1
1111001111 11000101 || 11001000 | 11001000 | 1 | 1
0110011010 11111100 || 10111101 | 10111101 | 1 | 1
0001101001 11111011 || 00111100 | 00111100 | 1 | 1
1100101011 11011100 || 01001010 | 01001010 | 1 | 1
1001000000 10110011 || 10101011 | 10101011 | 1 | 1
1100110100 00011101 || 00101011 | 00101011 | 1 | 1
0001011001 11110010 || 01001100 | 01001100 | 1 | 1
0010010000 01010010 || 10001101 | 10001101 | 1 | 1
0011001100 10100110 || 11011001 | 11011001 | 1 | 1
0010100110 11101101 || 11101101 | 11101101 | 1 | 1
0010111110 01000011 || 11001101 | 11001101 | 1 | 1
0011110000 10110001 || 00001111 | 00001111 | 1 | 1
0010100110 11101111 || 11001000 | 11001000 | 1 | 1
0110011110 00101011 || 00011110 | 00011110 | 1 | 1
1111111110 11110100 || 11101010 | 11101010 | 1 | 1
1001000101 11100000 || 11001000 | 11001000 | 1 | 1
0111001010 11110001 || 00001000 | 00001000 | 1 | 1
1100001001 10010011 || 00001010 | 00001010 | 1 | 1
0000101011 11100000 || 10111101 | 10111101 | 1 | 1
0101010000 01101000 || 11001101 | 11001101 | 1 | 1
1110001110 00111100 || 11110001 | 11110001 | 1 | 1
1111111001 10001110 || 11111001 | 11111001 | 1 | 1
1011110101 11000010 || 00100000 | 00100000 | 1 | 1
1111000000 01010100 || 00100110 | 00100110 | 1 | 1
0000111000 10101011 || 01000001 | 01000001 | 1 | 1
0011100100 11110011 || 10110101 | 10110101 | 1 | 1
1000001110 00001011 || 00111101 | 00111101 | 1 | 1
0010100011 11110110 || 00001000 | 00001000 | 1 | 1
1100111101 01101111 || 01011000 | 01011000 | 1 | 1
1110010110 01011011 || 10000001 | 10000001 | 1 | 1
1111000100 10111010 || 10011101 | 10011101 | 1 | 1
1111100000 00001011 || 11100000 | 11100000 | 1 | 1
1001000111 10000100 || 10010011 | 10010011 | 1 | 1
1101010010 11011000 || 11101000 | 11101000 | 1 | 1
1011101011 10011101 || 10000110 | 10000110 | 1 | 1
1000010011 01011001 || 11000110 | 11000110 | 1 | 1
0001001010 10100111 || 10111001 | 10111001 | 1 | 1
0110111000 10000010 || 10011111 | 10011111 | 1 | 1
0100101001 00011100 || 00111110 | 00111110 | 1 | 1
0000111001 01000110 || 11101001 | 11101001 | 1 | 1
1110010110 10000111 || 00011110 | 00011110 | 1 | 1
0101001100 00101001 || 01000010 | 01000010 | 1 | 1
1100110101 11111011 || 11110110 | 11110110 | 1 | 1
1010101000 00000010 || 00011011 | 00011011 | 1 | 1
0001010000 01111001 || 10011011 | 10011011 | 1 | 1
1011010111 11010011 || 11001110 | 11001110 | 1 | 1
1111001111 00110111 || 00111010 | 00111010 | 1 | 1
0000000100 00000010 || 10000000 | 10000000 | 1 | 1
1110011110 11001110 || 10010010 | 10010010 | 1 | 1
1001111110 11011101 || 10111011 | 10111011 | 1 | 1
0000000001 10010000 || 10110000 | 10110000 | 1 | 1
0000101011 11110111 || 01110111 | 01110111 | 1 | 1
0101110110 01101111 || 00010000 | 00010000 | 1 | 1
0011100010 10101111 || 01101011 | 01101011 | 1 | 1
0110100011 00000101 || 10110001 | 10110001 | 1 | 1
1110100101 01010100 || 00101000 | 00101000 | 1 | 1
1101001111 01011001 || 11111001 | 11111001 | 1 | 1
1110000110 10101000 || 00110111 | 00110111 | 1 | 1
0000111000 00011111 || 10010101 | 10010101 | 1 | 1
1010010010 01011100 || 01010111 | 01010111 | 1 | 1
0010101010 00011010 || 00110000 | 00110000 | 1 | 1
1010010010 10000011 || 01011011 | 01011011 | 1 | 1
1111001011 10010001 || 11011001 | 11011001 | 1 | 1
0111110000 00011101 || 10101010 | 10101010 | 1 | 1
0000011011 10000110 || 11111101 | 11111101 | 1 | 1
0000001000 10111001 || 10001100 | 10001100 | 1 | 1
0111100001 01101000 || 10101001 | 10101001 | 1 | 1
1110110101 01010100 || 10000101 | 10000101 | 1 | 1
1101011001 01011101 || 00010011 | 00010011 | 1 | 1
1010101001 10101100 || 01111100 | 01111100 | 1 | 1
0101100011 11001000 || 11011011 | 11011011 | 1 | 1
0101101111 00011000 || 11101101 | 11101101 | 1 | 1
1111010011 11011101 || 00100011 | 00100011 | 1 | 1
0000011001 00011110 || 00011111 | 00011111 | 1 | 1
0000001101 11011101 || 10111100 | 10111100 | 1 | 1
0111101001 01010011 || 10000000 | 10000000 | 1 | 1
1001111101 10110001 || 10111011 | 10111011 | 1 | 1
1100011011 01010111 || 01001000 | 01001000 | 1 | 1
1000000010 10010110 || 11000101 | 11000101 | 1 | 1
0011001101 10010001 || 11101101 | 11101101 | 1 | 1
0110011010 00010011 || 01100000 | 01100000 | 1 | 1
1101101000 10101011 || 11001100 | 11001100 | 1 | 1
1100000100 01101111 || 01010010 | 01010010 | 1 | 1
1101010010 01010111 || 10100001 | 10100001 | 1 | 1
0111010101 01111001 || 10111111 | 10111111 | 1 | 1
0100011001 01110101 || 00111101 | 00111101 | 1 | 1
0000110000 01111001 || 10111101 | 10111101 | 1 | 1
1010110010 01001011 || 01000111 | 01000111 | 1 | 1
0101010010 10000110 || 11010011 | 11010011 | 1 | 1
0110100001 10000011 || 10100101 | 10100101 | 1 | 1
0100111100 10111010 || 00011000 | 00011000 | 1 | 1
0010001010 10101101 || 00010110 | 00010110 | 1 | 1
1100010110 10111001 || 10010000 | 10010000 | 1 | 1
1111101000 11100111 || 00011111 | 00011111 | 1 | 1
0011001001 11011000 || 00100010 | 00100010 | 1 | 1
1000100100 01011000 || 10100010 | 10100010 | 1 | 1
1111001101 10010001 || 11011011 | 11011011 | 1 | 1
0001111010 10001010 || 01011101 | 01011101 | 1 | 1
0010111011 11111100 || 01011100 | 01011100 | 1 | 1
1001010111 00101000 || 01000011 | 01000011 | 1 | 1
0111110000 11000010 || 01101101 | 01101101 | 1 | 1
0110000000 01100111 || 11011011 | 11011011 | 1 | 1
0101111001 11010101 || 00010001 | 00010001 | 1 | 1
0111000011 11111111 || 00000111 | 00000111 | 1 | 1
1100011010 01111101 || 00001110 | 00001110 | 1 | 1
0011011111 01101010 || 00000110 | 00000110 | 1 | 1
0101101010 10101011 || 11011110 | 11011110 | 1 | 1
1100101011 11110100 || 11011101 | 11011101 | 1 | 1
1010111010 10011000 || 00110010 | 00110010 | 1 | 1
0011100011 11011101 || 00100100 | 00100100 | 1 | 1
0101010110 01101000 || 10111000 | 10111000 | 1 | 1
0011110100 11011011 || 00000001 | 00000001 | 1 | 1
1100111111 11101110 || 01111011 | 01111011 | 1 | 1
0110110011 00000100 || 10001000 | 10001000 | 1 | 1
0111111001 10101001 || 11101101 | 11101101 | 1 | 1
1000010101 01111001 || 10110011 | 10110011 | 1 | 1
1010001111 00110110 || 01101101 | 01101101 | 1 | 1
1100100101 00100111 || 00101101 | 00101101 | 1 | 1
1110101011 11110010 || 01011011 | 01011011 | 1 | 1
1101001011 11011011 || 11100110 | 11100110 | 1 | 1
0010110111 00001010 || 00011100 | 00011100 | 1 | 1
1110010111 01010100 || 10000111 | 10000111 | 1 | 1
0111011110 01001010 || 01100111 | 01100111 | 1 | 1
0111100110 11100000 || 10011101 | 10011101 | 1 | 1
0011000010 11110010 || 11010101 | 11010101 | 1 | 1
0100001111 01111111 || 00001010 | 00001010 | 1 | 1
1000010101 10100100 || 10101110 | 10101110 | 1 | 1
1101010011 11011000 || 10101001 | 10101001 | 1 | 1
1100000110 10111111 || 00010110 | 00010110 | 1 | 1
1000101101 00110111 || 10100101 | 10100101 | 1 | 1
0000001111 11000000 || 01010100 | 01010100 | 1 | 1
0000110001 00111010 || 01110110 | 01110110 | 1 | 1
1001101000 10011010 || 00111011 | 00111011 | 1 | 1
0001011111 11111111 || 00010111 | 00010111 | 1 | 1
1111111010 01010011 || 01000010 | 01000010 | 1 | 1
1011110101 11010000 || 11100000 | 11100000 | 1 | 1
1010111011 11100111 || 01101001 | 01101001 | 1 | 1
0001001010 10011111 || 00001110 | 00001110 | 1 | 1
1011111001 10010111 || 11100100 | 11100100 | 1 | 1
0011100001 01101000 || 10001001 | 10001001 | 1 | 1
0111100001 00010001 || 11001101 | 11001101 | 1 | 1
0010000111 11111100 || 10111010 | 10111010 | 1 | 1
1001101101 10101000 || 11111010 | 11111010 | 1 | 1
0010101010 00010001 || 10010100 | 10010100 | 1 | 1
1100101010 00110000 || 10000110 | 10000110 | 1 | 1
0110001001 00001111 || 01101110 | 01101110 | 1 | 1
1101011111 01011111 || 00101101 | 00101101 | 1 | 1
0000010101 00100101 || 11101101 | 11101101 | 1 | 1
0100100011 10010010 || 00011100 | 00011100 | 1 | 1
1111110110 00101100 || 01100011 | 01100011 | 1 | 1
0010100100 11001001 || 11010100 | 11010100 | 1 | 1
0110110001 11011001 || 00010010 | 00010010 | 1 | 1
0101000001 11111101 || 10110100 | 10110100 | 1 | 1
0010111011 10000000 || 11101101 | 11101101 | 1 | 1
0010011111 10100110 || 01111101 | 01111101 | 1 | 1
0100000000 11110010 || 00001110 | 00001110 | 1 | 1
1010100100 11001001 || 01100110 | 01100110 | 1 | 1
1111000111 11011001 || 10100110 | 10100110 | 1 | 1
0111110111 11001110 || 10111001 | 10111001 | 1 | 1
1001111111 00110111 || 00111111 | 00111111 | 1 | 1
0110111111 10101101 || 01011111 | 01011111 | 1 | 1
1110011101 11111100 || 10001001 | 10001001 | 1 | 1
1000000010 11011000 || 11110001 | 11110001 | 1 | 1
0101101110 10101110 || 01111101 | 01111101 | 1 | 1
0110110110 01111101 || 00101101 | 00101101 | 1 | 1
0011011100 10010100 || 11110000 | 11110000 | 1 | 1
1110011111 10111011 || 10111100 | 10111100 | 1 | 1
1110001110 00110101 || 10001100 | 10001100 | 1 | 1
1000100011 00000101 || 10000101 | 10000101 | 1 | 1
0101001111 10010011 || 00011000 | 00011000 | 1 | 1
0110011101 11000111 || 01000000 | 01000000 | 1 | 1
1010111000 00100010 || 01010011 | 01010011 | 1 | 1
0000100100 01101101 || 00110011 | 00110011 | 1 | 1
1001010000 00011100 || 00111101 | 00111101 | 1 | 1
0100101001 11001011 || 10110001 | 10110001 | 1 | 1
0111011001 10010100 || 11111000 | 11111000 | 1 | 1
0010110101 10100000 || 11010011 | 11010011 | 1 | 1
1000000000 01111010 || 11000001 | 11000001 | 1 | 1
1001100011 11000110 || 10010101 | 10010101 | 1 | 1
0111000101 11010010 || 10000100 | 10000100 | 1 | 1
1111101101 10011111 || 01101111 | 01101111 | 1 | 1
1000111001 01111101 || 00101001 | 00101001 | 1 | 1
1111000100 00111001 || 00010010 | 00010010 | 1 | 1
1100011111 10100011 || 01010100 | 01010100 | 1 | 1
0011100010 10011010 || 00110000 | 00110000 | 1 | 1
1100111101 01111000 || 01101110 | 01101110 | 1 | 1
1111110110 10110001 || 00110000 | 00110000 | 1 | 1
0011100111 11001011 || 01010110 | 01010110 | 1 | 1
0011101010 01001010 || 00000111 | 00000111 | 1 | 1
1010100011 10011110 || 00101111 | 00101111 | 1 | 1
0101111011 11100100 || 01111011 | 01111011 | 1 | 1
1100110011 11111011 || 11001111 | 11001111 | 1 | 1
1001011101 11101110 || 01101101 | 01101101 | 1 | 1
0101100011 11101000 || 10110111 | 10110111 | 1 | 1
1111001001 01011011 || 00011000 | 00011000 | 1 | 1
1100100111 01001110 || 11110110 | 11110110 | 1 | 1
1100101110 00001110 || 11000101 | 11000101 | 1 | 1
0111001100 10100111 || 11100100 | 11100100 | 1 | 1
1001100110 01110001 || 10100110 | 10100110 | 1 | 1
0010000000 00100100 || 00110001 | 00110001 | 1 | 1
1001000011 00101100 || 00000010 | 00000010 | 1 | 1
1110010110 00000001 || 01100001 | 01100001 | 1 | 1
0000101101 00011000 || 11011111 | 11011111 | 1 | 1
0111010001 10000100 || 10111000 | 10111000 | 1 | 1
0000001011 00101101 || 00011001 | 00011001 | 1 | 1
0110000011 00010110 || 11010010 | 11010010 | 1 | 1
1011111000 11000010 || 11101111 | 11101111 | 1 | 1
1100000101 01110111 || 01110011 | 01110011 | 1 | 1
1010011111 10001001 || 10110100 | 10110100 | 1 | 1
0011000011 00101011 || 00100001 | 00100001 | 1 | 1
1011011010 01110001 || 10001111 | 10001111 | 1 | 1
0111100011 10101101 || 10011111 | 10011111 | 1 | 1
0001101100 11101111 || 01100100 | 01100100 | 1 | 1
1010100001 01011100 || 11100011 | 11100011 | 1 | 1
1101100011 11111010 || 01111101 | 01111101 | 1 | 1
0111100110 10110110 || 00100100 | 00100100 | 1 | 1
0110100001 01100001 || 01111100 | 01111100 | 1 | 1
0100011010 01110111 || 10011001 | 10011001 | 1 | 1
0110000011 01000100 || 11011100 | 11011100 | 1 | 1
0000011111 01011001 || 10001111 | 10001111 | 1 | 1
0001111001 01110000 || 01101111 | 01101111 | 1 | 1
1010011011 01010010 || 01011000 | 01011000 | 1 | 1
0101001000 01010010 || 11100110 | 11100110 | 1 | 1
0011100001 00110111 || 00101011 | 00101011 | 1 | 1
1011100001 10111001 || 01011101 | 01011101 | 1 | 1
0001101010 10101101 || 11011000 | 11011000 | 1 | 1
0000010011 11000011 || 00011110 | 00011110 | 1 | 1
1101011111 10111110 || 01001010 | 01001010 | 1 | 1
0101001011 01110100 || 11111011 | 11111011 | 1 | 1
1000010101 11110011 || 01011000 | 01011000 | 1 | 1
0110100101 01111010 || 10100010 | 10100010 | 1 | 1
1111000100 10010110 || 00011110 | 00011110 | 1 | 1
0111110011 01011100 || 00110010 | 00110010 | 1 | 1
1011101000 01100100 || 10000111 | 10000111 | 1 | 1
0100100010 00100010 || 00101111 | 00101111 | 1 | 1
1000000001 00100000 || 10001101 | 10001101 | 1 | 1
1001111111 00001111 || 10010010 | 10010010 | 1 | 1
0001101100 00011011 || 11101111 | 11101111 | 1 | 1
1000101110 01001110 || 00110001 | 00110001 | 1 | 1
1100100100 01000101 || 00010111 | 00010111 | 1 | 1
1010101111 10001001 || 01110001 | 01110001 | 1 | 1
1011000101 00100010 || 00111111 | 00111111 | 1 | 1
1000101111 11101110 || 01111110 | 01111110 | 1 | 1
1111111001 11101001 || 11001101 | 11001101 | 1 | 1
1010000100 00101100 || 01110110 | 01110110 | 1 | 1
0100110110 01000000 || 11011000 | 11011000 | 1 | 1
1000011001 00011111 || 01100010 | 01100010 | 1 | 1
1010001001 10000010 || 01011100 | 01011100 | 1 | 1
0010000000 01110001 || 10111010 | 10111010 | 1 | 1
1000000011 01111100 || 00010110 | 00010110 | 1 | 1
1001000101 01001011 || 01111000 | 01111000 | 1 | 1
0001011100 11101111 || 00100100 | 00100100 | 1 | 1
0101111011 01001101 || 10001010 | 10001010 | 1 | 1
0110010110 01011000 || 10111101 | 10111101 | 1 | 1
1101110110 11010000 || 00011001 | 00011001 | 1 | 1
0100111100 01110011 || 00011011 | 00011011 | 1 | 1
1100000100 11011011 || 11111111 | 11111111 | 1 | 1
0100010100 10100111 || 01101001 | 01101001 | 1 | 1
1010000111 10100011 || 11110010 | 11110010 | 1 | 1
1000000100 11100111 || 11111010 | 11111010 | 1 | 1
1101101111 00010010 || 10101010 | 10101010 | 1 | 1
0001110011 01111001 || 11101010 | 11101010 | 1 | 1
1100011101 01111101 || 11100100 | 11100100 | 1 | 1
1111110001 01111011 || 00010011 | 00010011 | 1 | 1
1101010110 10111110 || 00101101 | 00101101 | 1 | 1
