Oklahoma State University
ECEN 3233, Fall 2021
Digital Logic Design
Simplified Digital Encryption Standard (DES)

(Key) (Plaintext) (K1) (K2) (sbox0_K0) (sbox1_K0) (sbox0_K1) (sbox1_K1) (Ciphertext)
1000101011 00010101 11100010 00011011 0000 0001 0011 0001 10000000
0101111001 01111101 01010011 00111100 0000 0000 0011 0010 10011101
1100110100 10010010 10001001 10110101 0011 0000 0010 0010 01110000
0010010110 01000100 00101101 11100010 0000 0000 0000 0001 00010101
0110100101 01101000 00001110 11011100 0011 0000 0011 0000 11101010
0011001001 10111000 01010110 01001000 0001 0000 0011 0011 10011110
0001001001 01101110 01010010 00001000 0001 0010 0000 0000 10100001
0100011111 01100110 01101011 10101110 0011 0010 0001 0010 11100011
1011111110 11111011 11111101 11110011 0001 0001 0011 0000 00101111
1110011000 00110011 11000101 01100101 0000 0000 0000 0010 11101100
0010110010 10001110 00100101 01110010 0001 0000 0011 0010 01010011
1011010111 10101110 10111111 11101011 0000 0010 0011 0010 01000011
1010110111 00101001 10101111 11111011 0011 0000 0000 0001 00111010
1001010010 01000001 10110001 00100011 0011 0010 0001 0001 01001010
0001111011 01111000 01110011 00111010 0000 0011 0001 0000 00110001
1111000010 01001110 10110100 01000111 0000 0001 0001 0011 11010100
0001111110 01001100 01111001 10110010 0010 0000 0001 0010 01010011
0101111110 11000010 01111001 10110110 0010 0001 0011 0011 01110101
0100011010 00010100 01100001 00100110 0000 0000 0001 0000 00000001
1001110001 11110011 10010011 00111001 0000 0011 0011 0001 00010011
1011001001 11111000 11010110 01001001 0000 0000 0011 0000 10111010
1100110101 11001100 10001011 10111101 0011 0011 0010 0010 10001000
1010011011 10110010 11100111 01101011 0000 0010 0011 0010 00100010
0110000011 10111110 00100110 01001110 0010 0010 0010 0011 01000101
0101101011 01010111 01110010 00011110 0011 0010 0010 0000 01001111
1100101001 01111000 11000010 00011101 0011 0011 0001 0011 00000111
1010101001 00000100 11000110 01011001 0001 0011 0001 0001 01011100
0100111010 11001000 01100001 00110110 0000 0001 0011 0000 11110011
1111110010 01100010 10110101 01110111 0010 0011 0011 0001 01010111
0100101001 00101111 01000010 00011100 0010 0001 0000 0000 10101110
0010100010 00011011 00100100 01010010 0011 0001 0001 0010 10010111
0010101001 10010101 01000110 01011000 0000 0011 0001 0000 00001110
1000010010 01111000 10100001 00100011 0010 0010 0011 0000 10110010
1101000011 00001111 10110010 00001111 0001 0001 0011 0000 01110100
0101010000 01011011 00010001 00100100 0011 0000 0010 0011 01000010
0111100011 00111101 00110110 01011110 0011 0001 0000 0010 01011110
1011111101 01100000 11011111 11111001 0011 0011 0001 0000 01000011
0001000011 00011011 00110010 00001010 0001 0000 0011 0001 00110000
1110011010 10000010 11100101 01100111 0010 0011 0001 0001 11001101
1010101110 00100111 11101100 11010011 0011 0011 0011 0000 01010110
0000010010 10101010 00100001 00100010 0001 0011 0001 0010 11010011
0011001010 00000000 01110100 01000010 0000 0010 0001 0011 01101100
0100110110 00101110 00101001 10110110 0001 0011 0010 0011 00010100
0101001001 01111001 01010010 00001100 0000 0011 0010 0001 11110001
0001010011 01010010 00110011 00101010 0010 0000 0011 0010 00110010
0011111011 00001110 01110111 01111010 0011 0010 0000 0001 10111111
1100110111 10111100 10101011 10111111 0010 0000 0000 0000 01101001
1100110001 00110001 10000011 00111101 0011 0000 0011 0000 10011110
1111011111 11001011 11111111 11101111 0011 0010 0010 0001 00101000
1010100011 00001001 10100110 01011011 0011 0000 0011 0011 11010010
1001111111 11110111 11111011 10111011 0011 0000 0000 0011 11101001
1000111110 00001011 11101001 10110011 0001 0011 0001 0000 11111101
0111000000 10111110 00010100 01000100 0001 0000 0001 0001 10111111
1110011101 00001010 11001111 11101101 0001 0010 0001 0011 11011100
1100000101 11011001 10001010 10001101 0010 0011 0010 0000 11111101
1011101000 11011100 11010100 01010001 0000 0010 0010 0000 11111011
1010100111 01111000 10101110 11011011 0010 0001 0000 0010 01011011
1001100111 01100111 10111010 10011011 0011 0000 0000 0001 10001011
1101001001 01111001 11010010 00001101 0010 0011 0011 0011 10010011
0100110110 00011100 00101001 10110110 0000 0001 0001 0011 00000100
0001011001 01011010 01010011 00101000 0000 0010 0000 0000 11111000
1100000001 00111100 10000010 00001101 0011 0011 0001 0000 00110010
1010100110 01100011 10101100 11010011 0001 0011 0010 0001 00000001
0010110000 10111011 00000101 01110000 0010 0000 0010 0010 01001100
0000110011 10111001 00100011 00111010 0001 0000 0011 0000 10111110
0010100101 01110101 00001110 11011000 0010 0011 0011 0001 10010010
0110110000 11010000 00000101 01110100 0011 0010 0010 0000 11001000
1001101110 00001110 11111000 10010011 0010 0000 0010 0010 00000011
1010001000 00110101 11000100 01000001 0010 0000 0010 0011 11101011
0100101111 11011110 01101010 10011110 0001 0000 0010 0010 01000011
1101100110 10011111 10111000 10010111 0011 0011 0001 0001 10111000
1110100110 00000110 10101100 11010111 0000 0000 0010 0011 00100101
0101110010 11110010 00110001 00110110 0010 0001 0011 0001 00011101
0111100100 10111111 00011100 11010100 0011 0000 0010 0010 01011101
0011010111 01010111 00111111 11101010 0011 0010 0001 0010 10101111
0111111100 01011000 01011101 11110100 0001 0011 0001 0011 00001101
1101111000 00011101 11010001 00110101 0010 0001 0001 0011 00000010
0111000110 00000000 00111100 11000110 0010 0001 0010 0001 10000111
1010100001 01100101 10000110 01011001 0010 0000 0010 0011 10111011
1001011100 01011001 11011001 10100001 0010 0010 0000 0011 01011010
0101001010 11001100 01110000 00000110 0010 0010 0000 0001 00111101
0010100001 10110100 00000110 01011000 0011 0011 0011 0010 10110000
0011000100 01111110 00011100 11000000 0001 0001 0011 0010 00001000
1001101001 10101101 11010010 00011001 0011 0000 0010 0010 10011101
0111111110 10010000 01111101 11110110 0010 0001 0011 0000 10000001
1011101001 00001001 11010110 01011001 0011 0000 0011 0000 11110110
0101010110 00001001 00111001 10100110 0001 0001 0001 0011 01010001
0000101001 11010001 01000010 00011000 0000 0001 0010 0000 11010111
1001011011 00010110 11110011 00101011 0010 0000 0000 0010 11100011
0110010110 10000001 00101101 11100110 0001 0001 0001 0000 01010111
0111111011 11010001 01110111 01111110 0011 0000 0000 0000 01000100
1100111001 10110100 11000011 00111101 0000 0001 0010 0001 11001110
1000011000 11001011 11000001 00100001 0000 0011 0011 0000 01111111
1001110000 00011001 10010001 00110001 0011 0001 0011 0000 10110111
1001000100 01010101 10011000 10000001 0010 0010 0000 0000 01011111
1010010110 01000110 10101101 11100011 0000 0011 0001 0011 11111100
0101010100 10111010 00011001 10100100 0001 0000 0000 0000 11111010
0010001000 11010001 01000100 01000000 0000 0000 0000 0000 01010110
1011000000 10110001 10010100 01000001 0010 0000 0001 0001 00001000
0111111111 11100011 01111111 11111110 0011 0001 0001 0001 11001001
0100111111 11010101 01101011 10111110 0001 0001 0010 0001 11000010
1000100001 10011111 10000010 00011001 0000 0000 0001 0000 10100111
0100000101 10110100 00001010 10001100 0011 0001 0011 0010 10111000
0111110011 11111110 00110111 01111110 0011 0000 0011 0001 00101101
0001111010 01100000 01110001 00110010 0000 0010 0000 0000 00010000
0011011110 01011111 01111101 11100010 0000 0001 0010 0000 01110100
0011011100 01111100 01011101 11100000 0001 0011 0011 0000 10100000
0101110100 01010010 00011001 10110100 0011 0000 0010 0011 01100110
1010010110 10010101 10101101 11100011 0001 0010 0011 0001 10011011
1010111100 11000100 11001101 11110001 0001 0000 0001 0001 01000111
0101111011 11101000 01110011 00111110 0010 0011 0001 0011 01010101
0100010001 00011010 00000011 00101100 0011 0010 0010 0001 01111110
1000001111 01001101 11101010 10001011 0011 0011 0011 0000 11101110
1001010001 10110000 10010011 00101001 0011 0001 0001 0010 00111001
1111010001 01000110 10010111 01101101 0011 0001 0011 0011 01100110
1100010001 01111101 10000011 00101101 0010 0000 0011 0001 10111011
0100100101 01000011 00001010 10011100 0010 0000 0001 0011 11110010
1010011000 10001010 11000101 01100001 0001 0000 0010 0001 00110110
1111111111 11111110 11111111 11111111 0000 0011 0010 0001 01110110
0100100111 10000110 00101010 10011110 0010 0011 0000 0000 10001000
0000101111 10001011 01101010 10011010 0011 0010 0001 0011 11011000
1011100110 01100000 10111100 11010011 0001 0001 0011 0011 11101101
0001011000 00111111 01010001 00100000 0010 0000 0011 0000 00101111
0011000101 01011000 00011110 11001000 0011 0001 0010 0001 11100111
1101001101 11010111 11011010 10001101 0010 0010 0010 0000 01011101
0110010100 10110110 00001101 11100100 0001 0000 0011 0001 00011111
1110101101 01100000 11001110 11011101 0001 0000 0001 0010 01101000
1111101000 01010111 11010100 01010101 0010 0011 0000 0001 11011010
0111011011 10010100 01110111 01101110 0010 0011 0000 0000 01001000
0010001011 11000100 01100110 01001010 0010 0011 0011 0011 11111100
1100011001 01101111 11000011 00101101 0000 0000 0001 0000 11111101
0100101001 00111011 01000010 00011100 0001 0000 0011 0010 00011100
1110001000 00111100 11000100 01000101 0011 0010 0010 0000 11110011
0100100101 11101100 00001010 10011100 0011 0000 0010 0000 10101001
0100111010 00011111 01100001 00110110 0011 0000 0011 0000 00110111
1011001100 10110011 11011100 11000001 0010 0011 0011 0010 00100101
0110111011 11010110 01100111 01111110 0010 0010 0001 0000 10011001
0110000111 11011101 00101110 11001110 0001 0000 0010 0010 11000111
0101110010 01111101 00110001 00110110 0011 0001 0010 0000 11101110
0111011111 01101011 01111111 11101110 0001 0010 0011 0000 01100100
1110100010 01100110 10100100 01010111 0000 0011 0011 0011 01110100
0001000110 10001101 00111000 10000010 0001 0010 0000 0000 00111111
0110101101 11110010 01001110 11011100 0000 0000 0001 0001 10011110
1110010001 11000001 10000111 01101101 0010 0011 0011 0000 11011101
0001011000 11101100 01010001 00100000 0011 0001 0010 0010 10001000
0000010010 11100001 00100001 00100010 0001 0010 0010 0000 10000110
0001000000 01111100 00010000 00000000 0011 0001 0011 0011 10001110
0001111000 01011100 01010001 00110000 0001 0010 0001 0001 00101101
0010010001 10011110 00000111 01101000 0011 0000 0001 0010 10010001
0000000010 00111110 00100000 00000010 0010 0011 0000 0000 11100010
0101101011 01110111 01110010 00011110 0011 0010 0001 0010 10100111
1011110100 01001010 10011101 11110001 0001 0001 0011 0010 01000001
0001011101 01011111 01011011 10101000 0010 0010 0001 0011 10011011
1001001101 11000110 11011010 10001001 0001 0011 0011 0011 01101110
0110000011 00011111 00100110 01001110 0011 0010 0001 0010 10011111
1110000010 11100101 10100100 01000111 0000 0001 0011 0000 11011110
1000001100 10010010 11001000 10000001 0001 0001 0010 0000 01010011
1001101011 00110100 11110010 00011011 0001 0000 0010 0011 11111101
0011101101 10100101 01011110 11011000 0000 0011 0001 0000 01000110
1110110001 11110010 10000111 01111101 0011 0010 0000 0000 11000000
0010000110 01000100 00101100 11000010 0000 0001 0000 0000 00010000
0011100110 10100011 00111100 11010010 0011 0011 0001 0001 11010001
1011000111 10111100 10111110 11001011 0011 0001 0011 0000 10111000
1000110111 00001011 10101011 10111011 0011 0001 0001 0000 11110111
1000000111 00001010 10101010 10001011 0010 0001 0000 0010 10000011
1010111101 10011011 11001111 11111001 0010 0000 0010 0010 01000100
0110010110 10011111 00101101 11100110 0011 0001 0010 0011 01010000
0011000011 00111001 00110110 01001010 0011 0001 0001 0001 00111011
1111110100 00000111 10011101 11110101 0010 0011 0010 0000 00001110
1110100101 11001001 10001110 11011101 0001 0001 0000 0011 00000011
1100110011 11110100 10100011 00111111 0011 0001 0000 0001 01001100
1001001100 00011101 11011000 10000001 0010 0001 0001 0000 00100110
0100110010 01001110 00100001 00110110 0001 0011 0000 0001 10101100
1001100111 10111110 10111010 10011011 0010 0000 0010 0011 01001101
0111110100 00110001 00011101 11110100 0000 0010 0010 0010 11100100
1011100011 10111010 10110110 01011011 0010 0010 0001 0001 10100100
1001100111 01000000 10111010 10011011 0001 0000 0011 0001 11000100
0000101100 11101011 01001000 10010000 0010 0011 0010 0010 00010101
0100100010 00000010 00100000 00010110 0010 0001 0001 0001 11000111
0001101111 00110010 01111010 10011010 0001 0010 0011 0001 00010100
1010101000 10010100 11000100 01010001 0000 0001 0011 0000 10000010
1111010001 11000111 10010111 01101101 0010 0000 0001 0010 11110101
0111101011 10111010 01110110 01011110 0010 0010 0001 0000 10100000
1001100010 01000001 10110000 00010011 0011 0011 0010 0000 10001111
1100101000 01100100 11000000 00010101 0001 0000 0000 0010 00101001
0000101010 11000010 01100000 00010010 0011 0001 0010 0000 00000001
0000110001 11110001 00000011 00111000 0010 0000 0010 0000 11011100
0011110001 01100000 00010111 01111000 0011 0011 0011 0001 11000111
0111110101 00001100 00011111 11111100 0001 0001 0001 0000 01110000
0010010001 00110100 00000111 01101000 0011 0011 0010 0001 11010110
0000011001 01011001 01000011 00101000 0010 0000 0011 0001 10110010
1101001011 10111111 11110010 00001111 0001 0000 0010 0000 01111111
1000101000 10011110 11000000 00010001 0011 0011 0011 0010 00011000
0101001010 11101100 01110000 00000110 0010 0010 0010 0011 10010101
0110010101 01000011 00001111 11101100 0010 0001 0001 0011 11110011
1100100000 00101110 10000000 00010101 0011 0011 0011 0011 01010110
1101111110 01100010 11111001 10110111 0000 0001 0001 0000 11011001
0111011111 01100110 01111111 11101110 0010 0000 0011 0010 01111011
1011100010 01111011 10110100 01010011 0011 0001 0011 0000 00101111
1011010010 00101110 10110101 01100011 0000 0000 0001 0011 11001101
0000001110 00111101 01101000 10000010 0011 0001 0001 0001 00111010
1000011001 00001001 11000011 00101001 0010 0011 0011 0011 11001011
0110110011 11001111 00100111 01111110 0011 0010 0011 0001 01101001
1011011000 00001101 11010101 01100001 0011 0010 0011 0000 11111111
0010010101 11000010 00001111 11101000 0000 0000 0000 0001 10010110
1100000011 11011001 10100010 00001111 0011 0011 0010 0000 11101101
0010000101 01000110 00001110 11001000 0000 0001 0000 0010 10110000
1000100111 11101001 10101010 10011011 0011 0011 0001 0000 01100101
1011001011 01101001 11110110 01001011 0001 0000 0001 0011 01001000
0000110001 01010000 00000011 00111000 0011 0001 0011 0001 10000111
1011001110 11010011 11111100 11000011 0011 0011 0010 0011 01101001
0011001111 11110010 01111110 11001010 0001 0000 0001 0001 10001110
0100111100 10111011 01001001 10110100 0001 0011 0001 0011 10010011
1010001010 11101110 11100100 01000011 0000 0001 0011 0010 01011010
1010011101 01101100 11001111 11101001 0011 0001 0000 0011 00001110
1110011100 00010010 11001101 11100101 0001 0000 0010 0010 01110000
0101011010 00011010 01110001 00100110 0010 0011 0011 0011 00001111
0011100110 00010010 00111100 11010010 0010 0011 0010 0001 01001111
0110110110 10000111 00101101 11110110 0000 0011 0010 0000 00001110
1100011010 01010000 11100001 00100111 0010 0000 0011 0010 10110010
1011001011 10011010 11110110 01001011 0000 0010 0011 0000 00101010
0000000011 01100010 00100010 00001010 0010 0000 0011 0000 01011010
1001110101 01011100 10011011 10111001 0001 0000 0011 0010 10000001
0000101111 00001000 01101010 10011010 0000 0000 0011 0000 11100000
1001011010 10000000 11110001 00100011 0010 0010 0010 0011 10101100
1011000000 11110101 10010100 01000001 0010 0000 0010 0001 11011001
1001010100 10111001 10011001 10100001 0011 0010 0011 0000 10110100
0001111000 00000100 01010001 00110000 0001 0010 0011 0000 11011001
1110100000 11111110 10000100 01010101 0001 0000 0011 0001 00101111
0011111100 11000111 01011101 11110000 0010 0011 0010 0001 00011000
0010001100 11110011 01001100 11000000 0010 0011 0010 0010 01110101
0001110100 00000001 00011001 10110000 0010 0010 0000 0011 00101010
1000010001 01011000 10000011 00101001 0011 0011 0011 0011 10001111
1011111011 11011101 11110111 01111011 0000 0000 0011 0000 10110111
1100000111 00100110 10101010 10001111 0000 0011 0000 0011 10100100
0111100011 00000111 00110110 01011110 0011 0001 0011 0000 01010110
0011101101 11010110 01011110 11011000 0011 0000 0010 0000 01000001
0100011101 10100111 01001011 10101100 0011 0010 0001 0001 11010001
1010111101 00001011 11001111 11111001 0000 0010 0011 0000 01101100
0011100111 01001011 00111110 11011010 0000 0000 0011 0001 01110000
0110011001 11011110 01000111 01101100 0011 0000 0011 0010 00000001
1101011010 10111010 11110001 00100111 0000 0011 0000 0000 11100011
1010100100 10101011 10001100 11010001 0010 0001 0011 0000 01101101
1011100011 11100101 10110110 01011011 0011 0000 0010 0011 10101001
0011011010 00001000 01110101 01100010 0010 0010 0010 0010 10001010
1000001001 00100100 11000010 00001001 0001 0001 0001 0001 01011100
0101010111 10010100 00111011 10101110 0000 0000 0001 0010 00100011
1010101111 11010111 11101110 11011011 0001 0001 0001 0010 10100110
0110111011 01010001 01100111 01111110 0001 0000 0000 0000 01000100
0110010011 11000110 00100111 01101110 0010 0001 0000 0011 10110100
1000001010 10000011 11100000 00000011 0011 0000 0011 0001 01010000
1000111101 01010000 11001011 10111001 0000 0000 0010 0011 11110100
0000010100 01011100 00001001 10100000 0001 0001 0010 0000 11100000
0011011011 01000000 01110111 01101010 0000 0011 0011 0011 11111101
0010011100 00011110 01001101 11100000 0011 0000 0001 0001 10110111
1011001001 11110110 11010110 01001001 0011 0001 0001 0000 10001000
0100111100 00111111 01001001 10110100 0001 0011 0010 0001 01110000
1010001101 11100100 11001110 11001001 0001 0000 0000 0011 00101111
1100100110 00011011 10101000 10010111 0001 0011 0011 0000 00111101
0101100000 01011110 00010000 00010100 0001 0011 0001 0000 10101000
1011110000 10001001 10010101 01110001 0010 0010 0010 0001 10101000
1111111100 00010010 11011101 11110101 0011 0000 0010 0011 01110110
0100001011 11101101 01100010 00001110 0001 0000 0001 0000 01101111
1010101101 10000011 11001110 11011001 0010 0010 0001 0000 11001100
1100100001 00001111 10000010 00011101 0010 0001 0011 0011 01000010
0011000000 00100000 00010100 01000000 0011 0010 0000 0000 00010010
0001001101 01001101 01011010 10001000 0010 0011 0001 0011 01011010
1000111010 00110001 11100001 00110011 0000 0011 0011 0001 10000001
1101000111 01101101 10111010 10001111 0000 0011 0001 0000 01110100
0100011100 10100100 01001001 10100100 0011 0010 0001 0000 01010001
0111000100 00001011 00011100 11000100 0010 0001 0010 0000 00100111
1001100011 11011001 10110010 00011011 0001 0011 0010 0001 11101011
1010101000 10000000 11000100 01010001 0001 0010 0000 0011 00111110
0111101111 10010101 01111110 11011110 0011 0011 0000 0001 01011000
1111011000 11101011 11010101 01100101 0010 0001 0011 0011 01011001
1111011110 00101110 11111101 11100111 0010 0001 0000 0010 10001010
0100101110 11000101 01101000 10010110 0011 0000 0001 0000 01000101
0000000011 00111000 00100010 00001010 0000 0011 0000 0001 01100101
0110001011 11110001 01100110 01001110 0001 0011 0011 0010 10100111
0100011100 01001111 01001001 10100100 0010 0011 0000 0000 10111110
1110001000 00001010 11000100 01000101 0001 0001 0000 0001 10110101
0110010000 00101000 00000101 01100100 0011 0010 0010 0011 10010110
0011010101 00000001 00011111 11101000 0010 0011 0001 0011 01101011
1110000101 11101111 10001110 11001101 0010 0000 0001 0000 11111101
0110101011 00001101 01100110 01011110 0001 0000 0010 0011 10010001
0000011000 00101111 01000001 00100000 0010 0011 0010 0001 00100010
1110101111 10110111 11101110 11011111 0001 0001 0001 0011 10111010
1001000110 00010101 10111000 10000011 0011 0010 0000 0001 01011011
1000101011 01011100 11100010 00011011 0001 0011 0001 0011 00001100
1000010010 11011110 10100001 00100011 0000 0011 0010 0010 01011010
1011000101 00110110 10011110 11001001 0001 0000 0001 0010 10111001
0001110110 10100010 00111001 10110010 0001 0001 0011 0000 01011011
1110010101 00111101 10001111 11101101 0010 0001 0000 0001 01101010
1101000010 11010001 10110000 00000111 0011 0010 0011 0000 10001100
1101001001 11100001 11010010 00001101 0010 0000 0001 0011 01111000
1000100011 10111000 10100010 00011011 0010 0011 0010 0000 11100001
0001110100 01110100 00011001 10110000 0001 0011 0001 0000 00000000
0001011001 11001110 01010011 00101000 0001 0001 0010 0000 00100010
1100111000 00101011 11000001 00110101 0000 0011 0011 0000 01100101
1001010001 10000100 10010011 00101001 0011 0000 0011 0000 11010001
1110110100 10011000 10001101 11110101 0011 0011 0000 0011 01011101
1000000101 10101011 10001010 10001001 0010 0010 0000 0010 10000100
0000111000 01000001 01000001 00110000 0010 0010 0011 0011 11111010
0111101010 10100000 01110100 01010110 0000 0010 0011 0010 11100010
0011001000 11101100 01010100 01000000 0011 0000 0000 0001 00101101
0110100011 11011110 00100110 01011110 0010 0010 0000 0000 11111001
0100111100 10111101 01001001 10110100 0010 0010 0011 0001 10100001
1001000111 10010001 10111010 10001011 0011 0000 0001 0000 00010100
1001010010 11001101 10110001 00100011 0000 0000 0001 0011 01010011
0110001000 01010101 01000100 01000100 0000 0000 0000 0000 01010101
1000111000 10000000 11000001 00110001 0001 0010 0011 0011 11111110
0001110000 01000111 00010001 00110000 0001 0001 0010 0000 00000100
0111101110 10010101 01111100 11010110 0011 0001 0011 0011 10110000
0100100111 11010110 00101010 10011110 0011 0010 0010 0001 01001101
1101110101 10010110 10011011 10111101 0001 0011 0010 0000 01011010
0010111000 10111110 01000101 01110000 0011 0001 0000 0001 11111100
0101011100 00000100 01011001 10100100 0001 0010 0011 0010 11111001
0101011011 10111111 01110011 00101110 0000 0001 0001 0011 10001010
1101110110 01000011 10111001 10110111 0011 0000 0010 0001 00000010
0101100111 00001111 00111010 10011110 0000 0010 0010 0001 00101001
1101111001 01110110 11010011 00111101 0011 0000 0000 0000 11001011
1110101011 01111110 11100110 01011111 0010 0010 0001 0010 10010011
1011001101 01101100 11011110 11001001 0001 0000 0010 0001 10101101
0111001001 00110111 01010110 01001100 0001 0000 0010 0010 01111101
1100110101 10110100 10001011 10111101 0001 0000 0011 0001 10011111
1110101011 01011111 11100110 01011111 0011 0010 0011 0010 00001111
0100001111 00000110 01101010 10001110 0011 0011 0001 0010 11111010
1000101010 11101000 11100000 00010011 0010 0010 0001 0001 01110100
1101001101 10110001 11011010 10001101 0001 0000 0001 0000 00011110
0001010010 11000110 00110001 00100010 0001 0000 0000 0011 10100111
0010010101 11001110 00001111 11101000 0011 0010 0011 0010 01001001
0001101110 10000001 01111000 10010010 0001 0000 0001 0010 01110110
1101100001 01001011 10010010 00011101 0000 0001 0000 0010 10010101
1111000011 11100010 10110110 01001111 0010 0010 0001 0000 11010000
0011011000 00010101 01010101 01100000 0010 0001 0011 0001 10000010
0000100010 00100111 00100000 00010010 0000 0000 0000 0000 10001101
0111111100 00001011 01011101 11110100 0011 0000 0010 0011 00010010
1011110100 00111001 10011101 11110001 0011 0000 0000 0011 01011010
0000001001 01111011 01000010 00001000 0001 0000 0011 0001 00101000
0001110000 01111110 00010001 00110000 0001 0011 0010 0000 01100000
1100101110 00000101 11101000 10010111 0001 0000 0010 0000 10010101
1110000011 00111110 10100110 01001111 0000 0010 0010 0011 01000101
0011001010 01001110 01110100 01000010 0011 0001 0001 0000 11100010
0111001011 01010000 01110110 01001110 0010 0011 0001 0010 00111011
0010000011 11111001 00100110 01001010 0001 0001 0010 0010 11001111
0100110001 00101111 00000011 00111100 0001 0000 0011 0010 01011101
0000001010 10000010 01100000 00000010 0011 0001 0010 0001 00010101
0011101000 10101101 01010100 01010000 0010 0011 0001 0000 01100100
0101111110 10000111 01111001 10110110 0011 0000 0011 0011 01110001
0110100111 00110110 00101110 11011110 0011 0000 0000 0010 11111011
0110001101 10000110 01001110 11001100 0001 0001 0001 0011 11110110
0001010000 10101110 00010001 00100000 0000 0011 0010 0001 00100110
1100100101 01110101 10001010 10011101 0011 0000 0000 0000 01001111
0010010011 10000100 00100111 01101010 0000 0011 0010 0001 10001110
1100000110 10110110 10101000 10000111 0010 0001 0011 0000 00001000
0111000111 00100110 00111110 11001110 0001 0001 0011 0001 01011100
0111001111 00001010 01111110 11001110 0011 0011 0010 0010 00011011
1110010000 11000011 10000101 01100101 0000 0011 0011 0000 01011111
1001101100 11000010 11011000 10010001 0001 0000 0011 0000 01000010
0011010110 11100111 00111101 11100010 0011 0011 0011 0001 01000000
0111110010 00001110 00110101 01110110 0010 0000 0011 0001 01100111
0011111000 11001100 01010101 01110000 0011 0010 0011 0001 11101101
1111011000 01000011 11010101 01100101 0000 0011 0011 0011 01111001
1111011011 00101100 11110111 01101111 0011 0000 0011 0000 11111011
1110110011 00111011 10100111 01111111 0001 0011 0011 0011 00010001
1001100100 11100011 10011000 10010001 0010 0001 0011 0001 01011001
1000101001 10011011 11000010 00011001 0010 0000 0011 0010 00000100
0101100011 00001001 00110010 00011110 0001 0000 0001 0011 01010000
0010110000 11100101 00000101 01110000 0000 0000 0000 0011 00111011
1110010010 01000001 10100101 01100111 0000 0000 0000 0011 00110000
1110100111 01010100 10101110 11011111 0011 0011 0011 0010 10101010
1111100001 01010101 10010110 01011101 0010 0011 0000 0000 01011110
0011001110 00010011 01111100 11000010 0011 0011 0010 0000 01011111
0000111100 11000101 01001001 10110000 0010 0010 0001 0000 01011101
0100001011 10000100 01100010 00001110 0010 0001 0001 0000 01000000
1001111000 10101100 11010001 00110001 0001 0001 0011 0011 11011110
0010111110 10001110 01101101 11110010 0010 0001 0010 0001 00100100
1110110101 11110000 10001111 11111101 0001 0000 0010 0001 11001110
0101111110 00100011 01111001 10110110 0011 0000 0010 0010 00111110
1000100100 10100001 10001000 10010001 0010 0000 0000 0001 00001000
0010001000 01001001 01000100 01000000 0000 0011 0010 0000 10111101
1100100101 01011110 10001010 10011101 0001 0000 0001 0001 10100101
0110001111 11000011 01101110 11001110 0001 0010 0001 0011 11101010
1101011011 00011000 11110011 00101111 0010 0011 0011 0010 10001011
0010011001 00000010 01000111 01101000 0001 0001 0001 0010 11110001
1111000100 11001110 10011100 11000101 0001 0000 0010 0011 00000111
0110101001 11110010 01000110 01011100 0000 0001 0010 0000 01011011
0100110001 00001000 00000011 00111100 0011 0011 0001 0000 01111011
0110010001 00110000 00000111 01101100 0011 0011 0000 0011 01110111
0011000111 11001101 00111110 11001010 0001 0001 0011 0011 11000010
1000011100 01010100 11001001 10100001 0000 0011 0010 0010 11111000
0000001100 10101100 01001000 10000000 0001 0001 0001 0011 01011110
0110101010 00101110 01100100 01010110 0010 0001 0001 0000 11101010
0101110100 11001111 00011001 10110100 0010 0011 0011 0010 01011100
1110100010 10101001 10100100 01010111 0011 0011 0010 0000 10110101
1100010111 01000010 10101011 10101111 0000 0010 0010 0000 00011000
1001011101 00010000 11011011 10101001 0011 0000 0010 0000 11010010
1001011100 00101001 11011001 10100001 0011 0001 0001 0000 01111111
1100100011 00001101 10100010 00011111 0011 0000 0010 0010 10010111
0011111101 11011010 01011111 11111000 0000 0011 0001 0011 10011111
0111111000 10110001 01010101 01110100 0010 0001 0011 0011 10101001
0110111001 00100001 01000111 01111100 0010 0011 0011 0011 11100011
1001110101 00101110 10011011 10111001 0001 0000 0001 0010 11011001
0111001101 11101110 01011110 11001100 0001 0011 0011 0000 01100010
1010111011 01011010 11100111 01111011 0010 0000 0001 0011 10010110
0111010110 10001100 00111101 11100110 0000 0010 0001 0011 01001111
1000000110 10110011 10101000 10000011 0011 0000 0011 0011 00111000
0101111101 01111001 01011011 10111100 0000 0011 0011 0001 10110001
0001110001 11100010 00010011 00111000 0011 0010 0010 0011 00100100
0110001000 00011000 01000100 01000100 0011 0010 0011 0000 10111010
0010001010 10101101 01100100 01000010 0001 0011 0000 0010 00010110
0000101010 01001100 01100000 00010010 0000 0010 0010 0011 10011101
0110110001 00111110 00000111 01111100 0011 0000 0000 0000 11111011
0111100100 10001100 00011100 11010100 0001 0011 0001 0000 01111010
1000111011 11011010 11100011 00111011 0010 0010 0010 0000 01111000
1011101000 01010100 11010100 01010001 0011 0001 0011 0000 10000010
1101011111 00110111 11111011 10101111 0011 0000 0001 0000 10011111
0111010111 10000100 00111111 11101110 0010 0011 0010 0000 10001000
0010110000 01011100 00000101 01110000 0001 0000 0001 0011 00000101
1000001001 00100110 11000010 00001001 0011 0000 0010 0011 00111111
1110110111 10001000 10101111 11111111 0001 0001 0011 0010 11010011
1110100100 01101111 10001100 11010101 0010 0001 0001 0001 11111010
1011110110 11000011 10111101 11110011 0011 0011 0001 0011 11101001
1110010101 00011110 10001111 11101101 0001 0011 0001 0011 10011100
0110110000 10010010 00000101 01110100 0001 0011 0000 0001 11011111
0111110010 01101001 00110101 01110110 0001 0010 0000 0011 00000000
1101001100 10000110 11011000 10000101 0001 0000 0010 0000 00010011
1100001010 10101101 11100000 00000111 0011 0001 0001 0001 01111000
1001111011 11001001 11110011 00111011 0001 0011 0000 0001 00101011
0111000100 10111010 00011100 11000100 0001 0001 0010 0001 01111111
0011011000 10001010 01010101 01100000 0001 0000 0010 0000 00110010
0110010011 01000000 00100111 01101110 0000 0011 0011 0000 11011001
0011000001 00100101 00010110 01001000 0010 0000 0010 0011 10101011
0010010111 01011111 00101111 11101010 0011 0000 0011 0000 00100111
1110010110 11010011 10101101 11100111 0011 0011 0011 0001 00001001
0010000010 01100000 00100100 01000010 0000 0010 0001 0000 01010000
0001010100 00110001 00011001 10100000 0000 0000 0001 0010 00101100
0111010110 11111100 00111101 11100110 0010 0011 0010 0011 11010100
1111110101 01100011 10011111 11111101 0010 0001 0001 0001 11011011
1000101010 00100110 11100000 00010011 0010 0001 0000 0001 10001110
0101000001 11011011 00010010 00001100 0011 0000 0001 0001 10100000
0011110010 00010000 00110101 01110010 0000 0010 0010 0011 11101100
0111001000 00011110 01010100 01000100 0000 0000 0010 0001 01100101
0000010100 01000000 00001001 10100000 0001 0010 0001 0010 01101000
1001111111 10011100 11111011 10111011 0010 0000 0011 0000 10100001
0110011000 11110010 01000101 01100100 0000 0011 0000 0011 11110111
1110011111 10101001 11101111 11101111 0011 0000 0001 0000 01111100
0000101110 00000001 01101000 10010010 0011 0000 0001 0010 01110110
1011011000 10001101 11010101 01100001 0011 0010 0011 0001 11111001
0111100110 10010100 00111100 11010110 0000 0000 0000 0001 01000111
0000010111 01011111 00101011 10101010 0011 0010 0011 0010 00001111
0110000100 11100110 00001100 11000100 0000 0000 0010 0001 00011111
1001011010 10111101 11110001 00100011 0000 0001 0001 0001 00101010
1011111001 01011000 11010111 01111001 0000 0001 0011 0000 10110001
1001001110 00001010 11111000 10000011 0010 0000 0001 0010 11000010
0000101101 00011111 01001010 10011000 0001 0001 0011 0010 00010100
1100110001 01011101 10000011 00111101 0010 0000 0011 0011 10010011
1010111100 10100111 11001101 11110001 0010 0011 0010 0010 00100100
0101101101 01011110 01011010 10011100 0000 0000 0010 0001 01110101
1100110001 00111111 10000011 00111101 0000 0001 0000 0010 11001100
1010101010 01101000 11100100 01010011 0010 0000 0000 0010 00011010
1010011100 00010011 11001101 11100001 0000 0011 0011 0000 00001101
0100011100 00010100 01001001 10100100 0001 0011 0010 0010 11111000
1001100110 01010111 10111000 10010011 0001 0000 0001 0001 10000001
1000010001 00001001 10000011 00101001 0001 0011 0001 0010 01011101
0110101010 11111000 01100100 01010110 0010 0010 0011 0011 10010100
0110110110 01001101 00101101 11110110 0011 0010 0011 0011 11001011
0111011001 00001001 01010111 01101100 0010 0001 0001 0011 01000011
1100101000 01011110 11000000 00010101 0011 0011 0000 0000 11101010
0110011101 10000100 01001111 11101100 0011 0011 0001 0010 01111000
1100100110 11011110 10101000 10010111 0000 0011 0011 0000 00111010
1110101001 00100001 11000110 01011101 0011 0000 0000 0000 00011110
0100100001 00010110 00000010 00011100 0001 0010 0010 0010 01111001
0101001011 00000110 01110010 00001110 0010 0000 0010 0010 00100011
0010110011 01110110 00100111 01111010 0011 0010 0011 0000 00000011
0100010000 01001101 00000001 00100100 0010 0000 0001 0011 01010011
0101101100 00101001 01011000 10010100 0010 0010 0011 0011 11000010
0001011110 00100101 01111001 10100010 0001 0010 0001 0001 01010001
1001000010 10100101 10110000 00000011 0011 0011 0011 0001 11010000
1100001101 01011101 11001010 10001101 0001 0011 0011 0010 10001100
1011111100 00001110 11011101 11110001 0011 0001 0010 0001 00110110
1101101100 01011011 11011000 10010101 0000 0011 0011 0011 00011001
0100101100 10010010 01001000 10010100 0000 0001 0010 0000 01000011
1011111011 01110001 11110111 01111011 0011 0000 0011 0000 10001110
1101010100 11011101 10011001 10100101 0011 0010 0011 0010 10001101
0100011001 11010010 01000011 00101100 0000 0000 0011 0011 00110110
1101100110 10001000 10111000 10010111 0010 0001 0001 0011 01000101
1110010011 11100010 10100111 01101111 0000 0001 0011 0000 01011011
1001000011 01001110 10110010 00001011 0000 0010 0000 0011 10011101
0001100000 00000110 00010000 00010000 0011 0001 0011 0000 01010010
1101101000 10000110 11010000 00010101 0001 0001 0011 0011 01110110
1011010010 10101010 10110101 01100011 0000 0000 0010 0001 00101110
0000100000 11011000 00000000 00010000 0001 0001 0001 0000 00100011
1000001101 01010100 11001010 10001001 0000 0001 0001 0011 00110100
1000110010 11001101 10100001 00110011 0011 0000 0011 0001 11100001
0110101000 01001101 01000100 01010100 0000 0011 0001 0010 01011100
1000111110 00001010 11101001 10110011 0000 0011 0000 0011 10001101
1100100100 10101011 10001000 10010101 0010 0011 0001 0000 11100101
1011010011 10010001 10110111 01101011 0011 0000 0000 0000 01010100
1010101001 11010110 11000110 01011001 0001 0001 0011 0001 00000110
1001010000 11001111 10010001 00100001 0000 0011 0010 0011 00011010
1111101111 00001110 11111110 11011111 0010 0011 0011 0010 01001010
1111100101 01000010 10011110 11011101 0011 0001 0000 0011 10100111
0110010011 11000100 00100111 01101110 0000 0011 0001 0010 01111010
1111001000 10001001 11010100 01000101 0011 0011 0010 0011 10011001
1110011110 10011001 11101101 11100111 0011 0000 0010 0011 11010000
1110110101 00100101 10001111 11111101 0010 0011 0000 0011 00100010
1000001011 00010010 11100010 00001011 0000 0010 0011 0011 00101100
0101110011 11000011 00110011 00111110 0011 0010 0000 0000 10001100
1001111010 11101001 11110001 00110011 0001 0000 0010 0001 10101010
1101001001 10111010 11010010 00001101 0001 0001 0010 0001 01111111
0011011101 10000010 01011111 11101000 0011 0000 0010 0010 00110000
1000001100 11001100 11001000 10000001 0011 0001 0000 0010 00000000
0100101001 10100011 01000010 00011100 0011 0011 0000 0001 10010001
1011010010 00000000 10110101 01100011 0001 0001 0001 0000 01010001
1111011111 10011001 11111111 11101111 0000 0001 0011 0001 10100011
0000010010 10110101 00100001 00100010 0011 0011 0010 0000 11010100
0111011000 11011011 01010101 01100100 0010 0000 0000 0001 11110000
1111010001 10101010 10010111 01101101 0001 0010 0010 0000 00110010
0110011110 01110100 01101101 11100110 0000 0001 0001 0000 00011000
1111011101 00001010 11011111 11101101 0011 0010 0010 0000 00111010
0011001110 10111100 01111100 11000010 0000 0010 0010 0011 11000111
0111110000 00111101 00010101 01110100 0010 0011 0010 0011 11000010
1100101110 10110011 11101000 10010111 0001 0000 0011 0000 00011110
1011001001 00011100 11010110 01001001 0000 0000 0010 0010 11000001
0010101010 10101010 01100100 01010010 0010 0001 0010 0000 00101001
1101101110 01110001 11111000 10010111 0011 0010 0011 0001 10000010
1111001011 01000101 11110110 01001111 0011 0000 0011 0001 11000011
1100100100 11000101 10001000 10010101 0010 0000 0010 0001 10010001
1101001001 10010101 11010010 00001101 0001 0001 0001 0000 00010110
0100001010 01100100 01100000 00000110 0010 0000 0010 0010 10111011
1100110110 11000111 10101001 10110111 0001 0000 0011 0000 01000111
1011000011 10010001 10110110 01001011 0011 0011 0010 0011 11111001
1101110000 11000010 10010001 00110101 0011 0000 0010 0001 00000100
1101100110 11001000 10111000 10010111 0010 0001 0010 0000 10110001
0101111111 10000101 01111011 10111110 0001 0000 0001 0001 01010011
0100101011 01100101 01100010 00011110 0011 0000 0010 0000 10001111
0001000111 10110110 00111010 10001010 0010 0010 0010 0001 01000101
0100101101 11001010 01001010 10011100 0011 0001 0001 0010 11000001
0001100010 11011000 00110000 00010010 0010 0001 0000 0001 01110101
1010110010 00101001 10100101 01110011 0011 0010 0001 0000 01110110
1100011100 00111110 11001001 10100101 0011 0000 0001 0000 10111011
0110100101 01100110 00001110 11011100 0000 0001 0000 0010 10111000
0001000000 11100000 00010000 00000000 0011 0000 0011 0010 11101000
1101001111 10001001 11111010 10001111 0001 0011 0000 0000 00111111
0011111111 11001100 01111111 11111010 0010 0001 0001 0001 01110100
1011001111 10110000 11111110 11001011 0001 0011 0000 0000 01010011
0010100100 11111111 00001100 11010000 0010 0000 0010 0000 01111101
1001101110 01100010 11111000 10010011 0000 0000 0001 0011 11111100
0110001010 10000000 01100100 01000110 0010 0010 0001 0001 01001100
0011011111 11011010 01111111 11101010 0010 0011 0011 0011 00011101
1001000111 10010001 10111010 10001011 0011 0000 0001 0000 00010100
0011010011 10010111 00110111 01101010 0011 0001 0000 0001 11010000
0101111010 00110110 01110001 00110110 0001 0001 0010 0000 01011000
1010010101 11111011 10001111 11101001 0000 0000 0010 0000 01111110
1010110000 10101100 10000101 01110001 0011 0010 0011 0011 11010101
1001011010 10110001 11110001 00100011 0011 0011 0011 0000 10010101
1110101100 11111010 11001100 11010101 0011 0001 0011 0010 00001001
1011100111 00011000 10111110 11011011 0011 0001 0010 0000 11110011
1111010110 01110010 10111101 11100111 0000 0000 0001 0001 10011100
1101100010 00100010 10110000 00010111 0010 0001 0010 0010 00101011
0011010001 11111100 00010111 01101000 0011 0001 0000 0001 01101100
0001011100 01111110 01011001 10100000 0000 0000 0011 0000 00111001
0010100011 10111011 00100110 01011010 0011 0010 0011 0001 00110000
0010110110 00001101 00101101 11110010 0011 0010 0001 0000 01111111
1000100101 11111011 10001010 10011001 0000 0001 0010 0011 01011011
0110101111 01010101 01101110 11011110 0001 0011 0001 0000 00001100
0110010011 01100110 00100111 01101110 0010 0001 0001 0010 11111010
0011111001 00110101 01010111 01111000 0010 0000 0001 0011 00101011
0110011100 10111101 01001101 11100100 0010 0000 0011 0011 10001001
0101111101 00100010 01011011 10111100 0011 0010 0000 0011 10110110
1110011010 10101001 11100101 01100111 0011 0010 0000 0011 00010000
1111111111 00000100 11111111 11111111 0010 0011 0010 0010 10101010
1000011100 10101010 11001001 10100001 0001 0011 0011 0000 01110011
0000111011 00011011 01100011 00111010 0011 0001 0011 0010 00010111
0111110101 00000110 00011111 11111100 0011 0000 0011 0011 01110111
1011001001 10110000 11010110 01001001 0011 0011 0000 0000 01010001
0011010100 01001000 00011101 11100000 0001 0010 0010 0010 10001000
0000010011 01100110 00100011 00101010 0010 0010 0001 0010 11110011
1010110111 01111111 10101111 11111011 0001 0000 0001 0011 10001001
1010001011 00110101 11100110 01001011 0000 0011 0011 0001 10000000
0100001000 01111011 01000000 00000100 0001 0011 0000 0001 11100001
1000000010 10101011 10100000 00000011 0011 0000 0001 0011 11011000
0011000100 10101111 00011100 11000000 0010 0001 0011 0010 01001100
0111001011 00100000 01110110 01001110 0000 0011 0010 0011 10100101
1001111101 11100001 11011011 10111001 0010 0000 0011 0001 11011000
1001001001 00001101 11010010 00001001 0011 0000 0011 0001 11110011
0100011100 00101011 01001001 10100100 0010 0011 0001 0000 11100111
0001101111 00111110 01111010 10011010 0010 0000 0000 0010 11001011
1100111101 11001101 11001011 10111101 0010 0011 0011 0011 11011000
0000011000 00110001 01000001 00100000 0000 0011 0001 0011 00100001
0010110011 01111000 00100111 01111010 0000 0001 0001 0011 00011101
1010010001 11011010 10000111 01101001 0001 0000 0011 0001 00100110
0001001010 01100110 01110000 00000010 0010 0001 0011 0001 01011110
0101111001 11110000 01010011 00111100 0011 0001 0001 0000 00001001
1101100001 01110001 10010010 00011101 0010 0001 0011 0001 10011011
0111101110 01111110 01111100 11010110 0010 0001 0001 0010 10011010
0111111010 10000111 01110101 01110110 0011 0011 0000 0000 10011100
0001111101 01000111 01011011 10111000 0010 0010 0011 0011 01111011
0000010011 10100111 00100011 00101010 0000 0010 0000 0000 10000111
1100010000 01000101 10000001 00100101 0010 0010 0011 0000 11011111
1110000010 11100101 10100100 01000111 0000 0001 0011 0000 11011110
1000001011 00111100 11100010 00001011 0001 0011 0011 0000 10110000
1000001000 10100110 11000000 00000001 0011 0001 0001 0010 11111000
0110000010 00110001 00100100 01000110 0011 0000 0011 0010 10111110
1011000000 11000101 10010100 01000001 0001 0001 0001 0000 01000110
0100000111 11010100 00101010 10001110 0010 0001 0001 0011 00110100
1010100101 10011000 10001110 11011001 0011 0001 0001 0000 00110001
0111110110 10000010 00111101 11110110 0001 0011 0001 0010 11111011
0001110100 01001001 00011001 10110000 0000 0001 0011 0010 11010101
0111111110 10101001 01111101 11110110 0011 0010 0001 0011 01010000
1101101101 11010001 11011010 10011101 0001 0000 0011 0011 10100010
0110101011 11000011 01100110 01011110 0001 0001 0010 0010 00100111
1010101101 00001010 11001110 11011001 0001 0011 0010 0010 00011001
0000111111 01001001 01101011 10111010 0001 0011 0000 0011 00001001
1110001111 01001111 11101110 11001111 0001 0000 0011 0011 01000001
0000111001 11110100 01000011 00111000 0001 0001 0010 0000 11001010
1010111000 00101000 11000101 01110001 0011 0010 0001 0001 01110110
0011101100 01100111 01011100 11010000 0010 0011 0011 0000 01010110
0011000111 00000001 00111110 11001010 0011 0011 0010 0001 10011011
1110100010 01111001 10100100 01010111 0011 0010 0011 0001 10100010
0110101101 01111101 01001110 11011100 0010 0000 0000 0000 01111111
1110001101 10111111 11001110 11001101 0010 0010 0011 0001 00100001
1110000001 00001110 10000110 01001101 0011 0000 0010 0011 00010111
1001111100 01010001 11011001 10110001 0001 0000 0001 0010 00100100
1001111000 11101110 11010001 00110001 0011 0011 0010 0010 00000000
0110000110 11001010 00101100 11000110 0001 0000 0011 0010 01000010
1010100110 11010111 10101100 11010011 0011 0011 0001 0011 10101000
0100100000 10101101 00000000 00010100 0010 0001 0001 0000 01101100
1000111100 00011101 11001001 10110001 0001 0010 0001 0001 00111001
1100110000 10000001 10000001 00110101 0010 0010 0000 0010 00101100
1111110111 10101101 10111111 11111111 0000 0000 0011 0010 11001111
0011110111 00111010 00111111 11111010 0011 0011 0011 0010 00010011
0000011001 11100001 01000011 00101000 0010 0001 0001 0001 01011001
0101010100 11110100 00011001 10100100 0001 0011 0000 0011 01100110
1010000110 10011101 10101100 11000011 0011 0010 0001 0000 00111101
0001001101 01001000 01011010 10001000 0011 0000 0001 0000 01100010
1101111001 00000100 11010011 00111101 0011 0000 0011 0011 11110111
0101001111 11111010 01111010 10001110 0010 0000 0011 0001 00111100
0110110111 10010011 00101111 11111110 0001 0010 0000 0010 11111110
0110000001 10001000 00000110 01001100 0011 0001 0000 0001 00110101
0001110100 10110110 00011001 10110000 0011 0000 0001 0000 10011001
0010110000 00001010 00000101 01110000 0011 0000 0001 0000 11110010
1111110100 01110111 10011101 11110101 0000 0011 0001 0010 10110100
1000001000 01000101 11000000 00000001 0011 0011 0011 0011 11101010
0001011010 00001111 01110001 00100010 0001 0011 0000 0011 10011000
1010001101 00100011 11001110 11001001 0010 0010 0011 0001 01000010
0101111110 10001011 01111001 10110110 0001 0011 0011 0010 01011111
0001010111 11001011 00111011 10101010 0000 0001 0011 0010 01010111
0011101111 10111011 01111110 11011010 0000 0010 0001 0011 10000010
0111010110 10111000 00111101 11100110 0010 0011 0001 0000 00100001
0011000000 01110011 00010100 01000000 0010 0011 0010 0001 01010011
1110100011 01010001 10100110 01011111 0001 0011 0010 0000 11001101
1110111111 10011100 11101111 11111111 0001 0000 0011 0010 10010011
1110001011 11011000 11100110 01001111 0001 0000 0001 0000 00100010
1011100010 11011001 10110100 01010011 0001 0010 0001 0001 00101010
0101011100 10100100 01011001 10100100 0001 0010 0011 0011 11110111
1110110101 11010101 10001111 11111101 0011 0011 0011 0010 10101100
1011101100 00000000 11011100 11010001 0011 0001 0010 0000 10010011
0011010101 10001010 00011111 11101000 0000 0010 0000 0000 10101010
1001000100 11100111 10011000 10000001 0010 0001 0011 0010 01111100
1000011110 00011110 11101001 10100011 0010 0000 0001 0010 10000011
1110110110 10111001 10101101 11110111 0011 0000 0010 0001 11111000
1001110101 00111011 10011011 10111001 0010 0010 0010 0001 01100010
0001011010 11111100 01110001 00100010 0000 0010 0001 0010 00010011
0101010111 10111110 00111011 10101110 0011 0001 0010 0001 01111100
1111101010 10100100 11110100 01010111 0010 0010 0000 0011 00100101
1100101000 11100100 11000000 00010101 0001 0000 0010 0001 10001111
1011110101 01101010 10011111 11111001 0001 0010 0010 0010 00000000
1010100101 11000010 10001110 11011001 0001 0001 0000 0000 10000011
1011000100 01111110 10011100 11000001 0011 0001 0001 0011 10001110
0100100001 11001100 00000010 00011100 0011 0011 0001 0011 01001100
1111111101 01000111 11011111 11111101 0000 0001 0001 0001 11010000
1000001110 01011100 11101000 10000011 0001 0000 0010 0001 11100101
1001001011 10101010 11110010 00001011 0010 0010 0001 0001 11100100
1001000100 11011110 10011000 10000001 0011 0011 0011 0001 00101100
1110101111 00101011 11101110 11011111 0001 0000 0000 0000 10111100
1001110110 01101000 10111001 10110011 0010 0000 0010 0010 10011010
1101000111 11011000 10111010 10001111 0011 0011 0001 0000 00101001
1111010000 11100111 10010101 01100101 0010 0011 0000 0010 10110100
0000011110 01000101 01101001 10100010 0011 0010 0011 0001 11001011
0111110001 00010001 00010111 01111100 0000 0000 0000 0001 01000000
0101011011 11000010 01110011 00101110 0010 0010 0000 0001 10011100
0000000101 10101100 00001010 10001000 0011 0000 0010 0001 10111101
1001010101 01011000 10011011 10101001 0001 0000 0010 0010 11000000
0111011111 10100011 01111111 11101110 0011 0001 0011 0000 01011101
0110111100 01011110 01001101 11110100 0011 0000 0001 0000 10100011
1101010011 10001100 10110011 00101111 0010 0011 0010 0001 10101100
0100001110 11111001 01101000 10000110 0011 0001 0001 0000 00101101
0001010110 01010011 00111001 10100010 0011 0001 0001 0011 10100011
1100011011 10001111 11100011 00101111 0001 0000 0001 0010 11010111
0011111000 10100011 01010101 01110000 0010 0011 0001 0011 11100001
1111110000 00111000 10010101 01110101 0001 0000 0000 0000 01111000
0000111100 10001100 01001001 10110000 0001 0000 0001 0001 01110111
0001101111 00000111 01111010 10011010 0011 0000 0000 0010 10110111
0110011001 11011100 01000111 01101100 0011 0001 0010 0001 11100100
1001111110 11010011 11111001 10110011 0011 0001 0011 0001 00000001
1110101010 00001100 11100100 01010111 0010 0000 0010 0000 10100011
1010000111 00011010 10101110 11001011 0000 0010 0011 0011 00001100
0011100100 01101111 00011100 11010000 0010 0001 0001 0011 11011010
1100101110 01000110 11101000 10010111 0010 0000 0000 0001 10010111
0001010011 10001111 00110011 00101010 0000 0000 0000 0000 10100111
0110101110 00110101 01101100 11010110 0001 0001 0000 0000 01011100
1000110111 10101110 10101011 10111011 0010 0000 0000 0011 10001101
0110100000 00101100 00000100 01010100 0011 0000 0010 0001 10111111
0000000110 01100111 00101000 10000010 0000 0001 0011 0011 01111000
0100111111 11111100 01101011 10111110 0010 0000 0001 0000 00111001
1100010001 11001001 10000011 00101101 0001 0011 0011 0000 11101111
1001010111 11111110 10111011 10101011 0010 0001 0010 0000 01111000
1111101111 10001010 11111110 11011111 0010 0011 0011 0000 01101001
1010001111 01101010 11101110 11001011 0000 0011 0010 0001 00110101
0101000000 01100000 00010000 00000100 0011 0000 0011 0001 11001110
1100111111 10101000 11101011 10111111 0010 0011 0011 0011 11000101
1110110101 00101000 10001111 11111101 0011 0001 0001 0001 01111111
1101011001 11101101 11010011 00101101 0011 0011 0000 0000 00100100
0110110110 01111011 00101101 11110110 0011 0001 0011 0011 00001011
0111100001 01101101 00010110 01011100 0000 0000 0000 0010 00011101
1001101011 11011100 11110010 00011011 0010 0011 0011 0000 10111000
0111010000 00000010 00010101 01100100 0011 0011 0011 0001 01011111
0001110100 01001001 00011001 10110000 0000 0001 0011 0010 11010101
1101010000 00010011 10010001 00100101 0000 0000 0000 0001 11000000
1000000101 10110000 10001010 10001001 0001 0001 0000 0011 01111111
0101010101 11100001 00011011 10101100 0010 0000 0010 0010 10111100
0100101001 10111001 01000010 00011100 0010 0011 0010 0010 11000101
0110110101 11100110 00001111 11111100 0000 0000 0001 0000 11011011
1100010101 01001000 10001011 10101101 0011 0011 0011 0000 11101011
1100011001 10101101 11000011 00101101 0010 0011 0000 0000 00100100
1111010010 10010000 10110101 01100111 0010 0010 0000 0000 01001000
0010111101 11000111 01001111 11111000 0011 0001 0010 0011 00100000
0110011011 00111100 01100111 01101110 0010 0001 0010 0011 11001110
0100010000 11001111 00000001 00100100 0001 0011 0001 0001 11101010
0001001100 00100011 01011000 10000000 0010 0001 0010 0000 00001111
0001100000 01100011 00010000 00010000 0001 0000 0001 0010 11101100
0100000000 10111011 00000000 00000100 0010 0011 0000 0001 11100001
0000010100 01111010 00001001 10100000 0011 0000 0010 0011 01001110
1101111110 00111100 11111001 10110111 0010 0001 0000 0010 01001010
0011111011 11000011 01110111 01111010 0011 0000 0000 0000 10000100
0010001010 00001110 01100100 01000010 0010 0001 0001 0000 11100010
1110010101 11001011 10001111 11101101 0010 0010 0001 0011 11011000
0010111100 11110111 01001101 11110000 0010 0011 0001 0010 10110100
0000111110 01101110 01101001 10110010 0010 0011 0000 0010 10010010
1100111001 01011101 11000011 00111101 0001 0000 0011 0001 10100001
0110111001 10100100 01000111 01111100 0011 0011 0010 0000 10010000
1000010101 10111010 10001011 10101001 0001 0001 0001 0011 10011111
0000011100 11101010 01001001 10100000 0011 0011 0000 0011 10000101
0101111100 10001111 01011001 10110100 0011 0011 0011 0010 01011100
1010111111 00011111 11101111 11111011 0011 0000 0011 0000 00110111
1001000000 01000101 10010000 00000001 0001 0011 0011 0001 11001000
1111010011 10100010 10110111 01101111 0010 0001 0001 0000 11001001
0011110001 10001011 00010111 01111000 0010 0010 0010 0001 00101000
0100110000 01111110 00000001 00110100 0011 0011 0001 0011 10000110
1101100010 01000010 10110000 00010111 0010 0001 0010 0001 00010111
1011110011 00100010 10110111 01111011 0010 0001 0001 0001 11001111
1000101011 10010011 11100010 00011011 0001 0010 0001 0001 10011010
1001111011 01110111 11110011 00111011 0011 0011 0001 0010 10100110
1000001001 00101100 11000010 00001001 0011 0011 0001 0000 01110010
1101110000 00101000 10010001 00110101 0000 0001 0001 0010 01001001
1010010011 10001001 10100111 01101011 0011 0001 0001 0001 01110001
0010111001 00101100 01000111 01111000 0001 0000 0001 0001 01111101
0010000100 11000010 00001100 11000000 0000 0000 0001 0000 11010010
0111111111 01000111 01111111 11111110 0011 0001 0000 0001 10000010
0001101100 01000111 01011000 10010000 0010 0001 0001 0000 11010110
1010011111 01011010 11101111 11101011 0010 0011 0011 0010 00011011
1100111001 01110100 11000011 00111101 0000 0001 0010 0011 11111100
1101000001 10101011 10010010 00001101 0000 0001 0001 0000 11101111
0101011010 00011011 01110001 00100110 0000 0000 0000 0011 11000000
0111101001 00000101 01010110 01011100 0000 0000 0000 0010 00100101
1101111011 01001010 11110011 00111111 0010 0001 0011 0010 01010011
0010110011 00100011 00100111 01111010 0000 0000 0010 0000 00001100
0000010010 10001011 00100001 00100010 0011 0011 0001 0011 11011001
1100110100 10000100 10001001 10110101 0000 0010 0001 0001 01001111
1101000010 00001100 10110000 00000111 0010 0010 0001 0010 01001011
0111111010 10110100 01110101 01110110 0010 0010 0001 0000 00000001
0001010010 01011011 00110001 00100010 0001 0000 0000 0001 11100000
1110110100 11001011 10001101 11110101 0010 0000 0001 0010 11010100
0100110100 00001111 00001001 10110100 0001 0011 0011 0010 01011100
0111000010 11100111 00110100 01000110 0011 0000 0000 0000 10001101
0011110011 10100100 00110111 01111010 0010 0011 0000 0000 00000000
1000010110 11001110 10101001 10100011 0010 0011 0010 0011 00011100
0110010101 01000001 00001111 11101100 0000 0011 0011 0010 11111101
0100110101 01101010 00001011 10111100 0011 0000 0000 0000 10101010
1001101111 01011111 11111010 10011011 0001 0001 0011 0001 00100000
1110100001 00010000 10000110 01011101 0001 0011 0000 0000 01011001
1000000001 10010001 10000010 00001001 0011 0001 0010 0000 11010101
1000011100 11010010 11001001 10100001 0001 0000 0000 0000 11000010
0101001010 10010100 01110000 00000110 0010 0010 0010 0000 11001001
0111001110 11000111 01111100 11000110 0011 0011 0011 0001 01001000
1100101111 10101100 11101010 10011111 0010 0000 0010 0000 10101001
0110101010 00011110 01100100 01010110 0001 0000 0010 0011 01010101
1010001010 10011101 11100100 01000011 0011 0010 0010 0000 11111101
1010000011 10001001 10100110 01001011 0011 0000 0001 0000 01110100
0110011000 01110011 01000101 01100100 0010 0000 0001 0000 10011110
0100110100 00000010 00001001 10110100 0000 0001 0011 0001 01000101
0110111010 10010010 01100101 01110110 0010 0011 0011 0000 00001001
1010001101 00100110 11001110 11001001 0011 0001 0011 0000 01011010
1101111110 00110111 11111001 10110111 0011 0001 0010 0000 01011110
1001110001 00110011 10010011 00111001 0000 0011 0011 0010 00100101
1100000000 00011111 10000000 00000101 0000 0011 0011 0010 00001100
1000101101 00001101 11001010 10011001 0010 0011 0001 0011 01001010
0010000110 00000011 00101100 11000010 0000 0011 0010 0000 00001101
1000111000 10100100 11000001 00110001 0001 0010 0011 0000 11010011
0101000001 01001101 00010010 00001100 0000 0000 0010 0001 10110001
1100101100 10110011 11001000 10010101 0000 0000 0001 0000 10001110
0100101101 10110101 01001010 10011100 0000 0000 0000 0001 01001011
1101011011 00101010 11110011 00101111 0010 0001 0011 0010 01001011
1111000011 11100101 10110110 01001111 0011 0000 0000 0000 00001101
1001110100 10001010 10011001 10110001 0001 0011 0011 0000 01111011
1000101111 10100001 11101010 10011011 0001 0001 0010 0010 10111111
1011011111 11101101 11111111 11101011 0001 0000 0001 0001 01101011
0001010001 00010111 00010011 00101000 0010 0011 0001 0000 10001110
0100001001 01010111 01000010 00001100 0010 0010 0010 0000 01011111
1001010111 11101010 10111011 10101011 0000 0000 0000 0001 10111110
1110100000 11111101 10000100 01010101 0010 0010 0010 0001 11110001
1010010110 00010111 10101101 11100011 0011 0011 0010 0010 01111110
0011101100 00111110 01011100 11010000 0000 0001 0001 0010 10001000
1101010001 01100000 10010011 00101101 0011 0000 0001 0001 01001110
0101111000 10100000 01010001 00110100 0001 0010 0010 0011 10110110
1101011111 00010110 11111011 10101111 0010 0011 0010 0010 01101010
1010111110 01100111 11101101 11110011 0011 0011 0000 0010 10100110
0010010111 11111111 00101111 11101010 0011 0000 0011 0011 00001001
1011101110 00001110 11111100 11010011 0010 0000 0000 0010 10000011
1000110110 11100010 10101001 10110011 0000 0001 0011 0001 01011111
1111000100 11100001 10011100 11000101 0001 0010 0011 0011 11100010
1000010000 10100111 10000001 00100001 0000 0001 0001 0011 11101010
0011001001 00010001 01010110 01001000 0010 0011 0010 0011 11101011
1000100000 00001101 10000000 00010001 0001 0001 0001 0000 01110100
1001111101 01100111 11011011 10111001 0000 0010 0011 0000 01010101
1010011001 10111100 11000111 01101001 0011 0001 0010 0001 11111100
0000001110 01000010 01101000 10000010 0011 0000 0001 0000 11000010
1001000011 00010011 10110010 00001011 0001 0010 0001 0000 10011100
0100011111 10100001 01101011 10101110 0011 0000 0010 0001 10011000
0110011011 10100111 01100111 01101110 0001 0000 0011 0010 01111111
0110000001 11001100 00000110 01001100 0011 0001 0011 0001 11100100
0111001000 01101100 01010100 01000100 0011 0000 0010 0000 10101011
0111111111 11001111 01111111 11111110 0001 0010 0011 0000 01101111
0110001010 00010001 01100100 01000110 0001 0000 0001 0011 00110000
0100111111 00011111 01101011 10111110 0011 0010 0011 0010 00011111
1010011111 11100001 11101111 11101011 0001 0011 0011 0010 11100111
0101011001 00100010 01010011 00101100 0011 0010 0011 0011 01110110
0001011011 11100111 01110011 00101010 0011 0010 0001 0001 11000001
0111000000 01110101 00010100 01000100 0000 0000 0010 0010 11111101
0101111011 10110011 01110011 00111110 0011 0011 0001 0011 10110001
1011110000 10010011 10010101 01110001 0000 0000 0010 0000 01000110
1000001100 10111010 11001000 10000001 0011 0011 0011 0011 00010101
1101100000 00000111 10010000 00010101 0010 0000 0001 0011 11100011
1000001001 01110010 11000010 00001001 0001 0010 0001 0010 10100000
1110001101 11001100 11001110 11001101 0011 0000 0011 0001 11100101
0010111011 01000011 01100111 01111010 0001 0000 0000 0000 10000100
0001110101 01101011 00011011 10111000 0010 0001 0011 0011 01011011
0101000101 01010011 00011010 10001100 0010 0010 0001 0001 10011010
1110110010 01110000 10100101 01110111 0011 0010 0010 0001 11000110
0100010111 00001000 00101011 10101110 0010 0011 0011 0000 11101011
1000100010 11011100 10100000 00010011 0010 0001 0001 0001 00110100
0011000001 11111110 00010110 01001000 0001 0010 0011 0001 00100111
0011001010 00110010 01110100 01000010 0001 0011 0000 0001 11010101
0110010011 00011010 00100111 01101110 0010 0000 0011 0001 00100110
1100100110 01001111 10101000 10010111 0011 0011 0001 0010 11001110
0011010110 10011001 00111101 11100010 0011 0000 0010 0000 11110100
0101011110 01010000 01111001 10100110 0010 0011 0001 0010 00111011
1001100110 00100101 10111000 10010011 0011 0000 0010 0001 10011011
0001010011 10100000 00110011 00101010 0010 0000 0010 0000 10001000
0011101011 10101111 01110110 01011010 0001 0011 0011 0010 01010110
1101100000 01001100 10010000 00010101 0000 0010 0010 0011 10011101
0000101000 10000101 01000000 00010000 0010 0011 0001 0010 01101100
0111000100 10000101 00011100 11000100 0010 0010 0010 0011 10101001
0001000111 01011010 00111010 10001010 0011 0000 0001 0011 10000110
0011101010 00111110 01110100 01010010 0010 0000 0011 0001 00101111
1011010100 01011010 10011101 11100001 0011 0000 0010 0000 01100010
0001101001 11110111 01010010 00011000 0001 0010 0001 0001 10000011
1110000100 10010110 10001100 11000101 0011 0011 0011 0000 00011000
0010011010 11010010 01100101 01100010 0010 0011 0011 0011 00111101
1011011000 11011011 11010101 01100001 0000 0000 0010 0001 01110010
0101000100 00101000 00011000 10000100 0001 0001 0010 0010 10011001
1000100100 01011001 10001000 10010001 0010 0001 0000 0000 01110111
1001011010 10101101 11110001 00100011 0001 0000 0011 0001 11111011
1001001111 00011111 11111010 10001011 0001 0001 0001 0000 10110100
1010000010 10001101 10100100 01000011 0011 0011 0011 0011 11011000
0110100001 01010101 00000110 01011100 0010 0011 0000 0001 01011010
0001010100 11111110 00011001 10100000 0001 0000 0011 0000 00101011
0001101001 11011000 01010010 00011000 0001 0011 0010 0011 11001111
1001111111 01000000 11111011 10111011 0010 0001 0001 0000 01010011
1100010111 10110001 10101011 10101111 0001 0001 0001 0000 00011111
0111010000 00100100 00010101 01100100 0011 0001 0001 0000 01011010
0111001101 00001110 01011110 11001100 0001 0011 0011 0010 01011000
0111100010 10111111 00110100 01010110 0001 0001 0000 0010 11011110
1010111111 01011111 11101111 11111011 0011 0000 0001 0010 10000111
1011001101 01101010 11011110 11001001 0011 0011 0010 0000 00100011
0100000100 00101100 00001000 10000100 0011 0001 0001 0000 01111010
0000100010 00000101 00100000 00010010 0001 0011 0011 0011 11111000
0001010011 10101100 00110011 00101010 0000 0011 0010 0011 10000110
1101111100 10001001 11011001 10110101 0011 0001 0011 0001 11110001
1011001011 11111100 11110110 01001011 0010 0000 0010 0011 11011101
0100101010 00011001 01100000 00010110 0011 0000 0011 0001 10110010
0111110000 11100101 00010101 01110100 0010 0000 0001 0010 01111101
1000011101 11101010 11001011 10101001 0001 0000 0010 0011 00001110
1011100011 01000010 10110110 01011011 0010 0010 0000 0001 10011110
1100110000 10000111 10000001 00110101 0000 0001 0001 0011 11100010
1100101001 11010111 11000010 00011101 0000 0010 0011 0001 00011011
0000101111 10010110 01101010 10011010 0010 0010 0010 0011 01101101
1011100110 11001001 10111100 11010011 0000 0000 0011 0000 11110110
0101100010 01111111 00110000 00010110 0001 0011 0011 0011 00000000
0010011110 11000111 01101101 11100010 0001 0011 0000 0010 10101110
0110101100 10001011 01001100 11010100 0010 0001 0010 0001 00100001
0110101101 10001100 01001110 11011100 0001 0000 0010 0011 10010111
1011011010 00100011 11110101 01100011 0001 0011 0001 0000 11010101
0011101111 01001011 01111110 11011010 0001 0000 0011 0000 01100100
0110010000 00110101 00000101 01100100 0010 0001 0010 0001 11001010
1100000001 10110110 10000010 00001101 0011 0010 0010 0010 01110001
0011110110 00010110 00111101 11110010 0010 0000 0001 0011 10100111
1010101001 00111100 11000110 01011001 0011 0000 0010 0011 11011111
1100010110 00010011 10101001 10100111 0011 0001 0011 0001 00010011
0010001111 10100111 01101110 11001010 0001 0010 0000 0010 10110111
0100110101 01110100 00001011 10111100 0011 0000 0001 0001 00001111
1110001101 01011001 11001110 11001101 0001 0000 0001 0000 00100100
0111000110 11010001 00111100 11000110 0001 0001 0010 0001 11000011
1010001111 01001000 11101110 11001011 0010 0000 0001 0011 01010110
0011010101 01000001 00011111 11101000 0010 0011 0011 0011 11111011
0010110010 11110100 00100101 01110010 0010 0010 0011 0001 10010101
0011011010 10110101 01110101 01100010 0011 0001 0010 0011 11111000
0000001110 00001110 01101000 10000010 0010 0000 0000 0011 10000111
1110000000 11000001 10000100 01000101 0010 0001 0000 0001 00010001
1111101100 00110001 11011100 11010101 0001 0001 0010 0011 11111001
1110000110 11100010 10101100 11000111 0000 0000 0011 0000 01011010
0001101111 00001011 01111010 10011010 0001 0010 0001 0011 11011000
1011001100 01001100 11011100 11000001 0001 0011 0011 0001 11101100
1001000011 11100100 10110010 00001011 0001 0001 0011 0000 11001010
0000111001 11001100 01000011 00111000 0001 0011 0010 0000 10101010
0110010101 01010010 00001111 11101100 0001 0001 0001 0010 10100001
0110100010 00010011 00100100 01010110 0001 0011 0000 0001 11011001
0010001100 00101001 01001100 11000000 0000 0000 0011 0010 11001100
0001011100 00101001 01011001 10100000 0010 0001 0011 0000 11101111
1111101111 10111111 11111110 11011111 0001 0010 0010 0010 01010111
0101001001 10001010 01010010 00001100 0001 0010 0011 0001 01111110
1010100101 00001101 10001110 11011001 0001 0001 0011 0011 11010000
0010101011 11010110 01100110 01011010 0010 0001 0011 0001 00010100
1111001111 11101110 11111110 11001111 0010 0011 0000 0000 10110000
0101111000 01110001 01010001 00110100 0010 0011 0011 0011 10110011
1110001101 10101001 11001110 11001101 0010 0001 0010 0010 10001101
0000100111 01111001 00101010 10011010 0001 0011 0001 0001 00100001
0101111001 10111100 01010011 00111100 0001 0011 0010 0011 11010110
0110100010 00010111 00100100 01010110 0001 0011 0001 0000 10011100
0000100101 11100010 00001010 10011000 0000 0011 0000 0000 10010011
0001010001 00000100 00010011 00101000 0011 0000 0001 0000 01010011
1111000010 01000001 10110100 01000111 0011 0001 0011 0000 11000111
1110100010 11101100 10100100 01010111 0001 0000 0011 0010 11001011
0001100001 00000111 00010010 00011000 0001 0011 0011 0000 01011100
0110010101 11111100 00001111 11101100 0001 0000 0001 0001 00101111
1101100001 10011011 10010010 00011101 0010 0000 0011 0000 00100100
1100001001 01110101 11000010 00001101 0010 0001 0011 0000 10011110
1010001100 00101000 11001100 11000001 0011 0011 0000 0000 00110011
0110111010 00001000 01100101 01110110 0000 0010 0010 0001 10101100
1110110110 00110111 10101101 11110111 0011 0011 0010 0010 01110110
0001100111 01111100 00111010 10011010 0010 0011 0001 0010 00010010
1001110111 10110001 10111011 10111011 0011 0001 0001 0011 00111001
0010010011 01001001 00100111 01101010 0011 0001 0001 0000 01100111
0001100110 01110010 00111000 10010010 0010 0001 0010 0000 01011011
0101010100 10101110 00011001 10100100 0000 0011 0000 0011 10000110
1010001010 01101110 11100100 01000011 0000 0001 0011 0011 01011100
0001110111 00010001 00111011 10111010 0001 0001 0011 0000 10010101
0111110000 10111001 00010101 01110100 0010 0011 0001 0001 00100001
0001100010 11011011 00110000 00010010 0001 0011 0010 0001 01101011
1100011101 10000101 11001011 10101101 0011 0000 0001 0010 01110101
0010010011 11000100 00100111 01101010 0000 0011 0001 0000 01011010
1001100010 00101011 10110000 00010011 0001 0000 0011 0011 01011000
1110110010 11001000 10100101 01110111 0001 0010 0011 0010 11001010
0011100011 01110101 00110110 01011010 0001 0011 0001 0000 00000100
1011000111 00001000 10111110 11001011 0010 0000 0011 0010 11000010
1000111000 11100101 11000001 00110001 0011 0010 0011 0010 11100101
0110010100 11010001 00001101 11100100 0010 0010 0001 0010 00111100
0111100001 00111001 00010110 01011100 0010 0001 0011 0001 10101011
0101111111 00010110 01111011 10111110 0001 0011 0011 0001 00011100
0010110101 11001011 00001111 11111000 0001 0010 0010 0000 00101110
0001111110 10011011 01111001 10110010 0000 0011 0001 0001 10101011
0100010000 00101101 00000001 00100100 0010 0000 0011 0000 11101111
1111010101 01111101 10011111 11101101 0011 0001 0000 0001 01101010
1001000101 10011111 10011010 10001001 0010 0001 0000 0010 11000100
1001111010 10110101 11110001 00110011 0011 0011 0000 0001 01010000
1110101100 00011100 11001100 11010101 0011 0010 0000 0000 01111011
1101010101 10111110 10011011 10101101 0011 0001 0010 0011 01011100
1011100000 10101011 10010100 01010001 0000 0000 0001 0011 11001010
0001001110 01101101 01111000 10000010 0011 0010 0000 0011 00000011
0000101100 00011101 01001000 10010000 0010 0001 0011 0001 10100010
1011011011 11110000 11110111 01101011 0001 0011 0001 0010 00100011
0111110000 00001111 00010101 01110100 0010 0001 0010 0011 00000010
0111011010 11111110 01110101 01100110 0010 0001 0010 0000 01111000
0111101100 10101111 01011100 11010100 0011 0001 0000 0010 10011100
0100110100 00000000 00001001 10110100 0001 0010 0011 0010 11111000
0011100100 00000011 00011100 11010000 0001 0011 0010 0000 00011101
1101011100 11011010 11011001 10100101 0001 0000 0000 0011 11000110
0111100100 01011000 00011100 11010100 0011 0010 0011 0001 10101110
0010100010 01000110 00100100 01010010 0010 0011 0000 0001 10011110
0101011110 00001110 01111001 10100110 0011 0011 0000 0010 10011010
1011011100 00111001 11011101 11100001 0010 0000 0000 0011 01001010
1111111100 11001111 11011101 11110101 0010 0000 0011 0001 01110001
0111011000 10110111 01010101 01100100 0001 0000 0011 0001 00011011
1111100101 00110110 10011110 11011101 0001 0000 0010 0000 01011001
0101111011 11011111 01110011 00111110 0000 0001 0010 0000 01110110
1000101111 01010110 11101010 10011011 0000 0010 0011 0011 00111101
0110101000 10101001 01000100 01010100 0000 0011 0010 0000 10100111
1111111000 10010111 11010101 01110101 0010 0000 0001 0000 10000101
1000011011 10111010 11100011 00101011 0010 0010 0000 0001 11100100
1000011111 01100111 11101011 10101011 0011 0010 0001 0010 11100111
0001010110 11010000 00111001 10100010 0000 0011 0001 0000 00011011
1010001101 11001111 11001110 11001001 0000 0000 0000 0001 10110011
0110101100 00101100 01001100 11010100 0001 0011 0011 0001 11110100
1110011010 01011001 11100101 01100111 0011 0011 0011 0010 10001111
0001101111 00100010 01111010 10011010 0010 0011 0010 0000 00000011
0001011100 11000001 01011001 10100000 0000 0010 0000 0011 00111010
0101001101 11010010 01011010 10001100 0011 0010 0011 0011 00101100
1001001011 11110100 11110010 00001011 0001 0000 0001 0001 00001111
0100000100 01110000 00001000 10000100 0011 0010 0001 0011 00100110
0110110110 00011100 00101101 11110110 0000 0011 0011 0001 10101100
1110001001 11111011 11000110 01001101 0010 0010 0001 0001 10110000
1011100010 00101010 10110100 01010011 0000 0001 0010 0011 00001101
0000111001 10011111 01000011 00111000 0001 0001 0010 0001 01110010
1000101011 11011110 11100010 00011011 0010 0001 0001 0000 10110000
0000110001 01111001 00000011 00111000 0000 0000 0010 0000 11111100
0000000110 01010001 00101000 10000010 0011 0010 0011 0010 10101110
1101110010 00010100 10110001 00110111 0010 0000 0011 0000 10000011
1011110000 11010001 10010101 01110001 0010 0001 0011 0011 10110001
0110010101 00010100 00001111 11101100 0011 0000 0001 0011 00110111
0110100110 01011110 00101100 11010110 0010 0001 0011 0001 00110110
0110110011 01000001 00100111 01111110 0001 0011 0011 0001 11001001
1111010010 10110100 10110101 01100111 0010 0010 0011 0011 10100101
